#
# There is insufficient memory for the Java Runtime Environment to continue.
# Native memory allocation (mmap) failed to map 5496832 bytes for card table expansion
# Possible reasons:
#   The system is out of physical RAM or swap space
#   The process is running with CompressedOops enabled, and the Java Heap may be blocking the growth of the native heap
# Possible solutions:
#   Reduce memory load on the system
#   Increase physical memory or swap space
#   Check if swap backing store is full
#   Decrease Java heap size (-Xmx/-Xms)
#   Decrease number of Java threads
#   Decrease Java thread stack sizes (-Xss)
#   Set larger code cache with -XX:ReservedCodeCacheSize=
# This output file may be truncated or incomplete.
#
#  Out of Memory Error (os_windows.cpp:3396), pid=5616, tid=0x0000000000004e2c
#
# JRE version:  (8.0_242-b08) (build )
# Java VM: OpenJDK 64-Bit Server VM (25.242-b08 mixed mode windows-amd64 compressed oops)
# Failed to write core dump. Minidumps are not enabled by default on client versions of Windows
#

---------------  T H R E A D  ---------------

Current thread (0x0000000000613000):  JavaThread "Unknown thread" [_thread_in_vm, id=20012, stack(0x00000000023a0000,0x00000000024a0000)]

Stack: [0x00000000023a0000,0x00000000024a0000]
[error occurred during error reporting (printing stack bounds), id 0xc0000005]

Native frames: (J=compiled Java code, j=interpreted, Vv=VM code, C=native code)


---------------  P R O C E S S  ---------------

Java Threads: ( => current thread )

Other Threads:

=>0x0000000000613000 (exited) JavaThread "Unknown thread" [_thread_in_vm, id=20012, stack(0x00000000023a0000,0x00000000024a0000)]

VM state:not at safepoint (not fully initialized)

VM Mutex/Monitor currently owned by a thread: None

heap address: 0x00000005c9000000, size: 8048 MB, Compressed Oops mode: Non-zero based:0x00000005c8fff000, Oop shift amount: 3
Narrow klass base: 0x0000000000000000, Narrow klass shift: 0

GC Heap History (0 events):
No events

Deoptimization events (0 events):
No events

Classes redefined (0 events):
No events

Internal exceptions (0 events):
No events

Events (0 events):
No events


Dynamic libraries:
0x00007ff7c1570000 - 0x00007ff7c15e2000 	C:\Users\SoftClansTech\bin\Sencha\Cmd\7.6.0.87\sencha.exe
0x00007fff6aab0000 - 0x00007fff6acc4000 	C:\WINDOWS\SYSTEM32\ntdll.dll
0x00007fff69bd0000 - 0x00007fff69c94000 	C:\WINDOWS\System32\KERNEL32.DLL
0x00007fff682e0000 - 0x00007fff68684000 	C:\WINDOWS\System32\KERNELBASE.dll
0x00007fff68e90000 - 0x00007fff6903a000 	C:\WINDOWS\System32\USER32.dll
0x00007fff68190000 - 0x00007fff681b6000 	C:\WINDOWS\System32\win32u.dll
0x00007fff69230000 - 0x00007fff69259000 	C:\WINDOWS\System32\GDI32.dll
0x00007fff681c0000 - 0x00007fff682d9000 	C:\WINDOWS\System32\gdi32full.dll
0x00007fff680f0000 - 0x00007fff6818a000 	C:\WINDOWS\System32\msvcp_win.dll
0x00007fff68750000 - 0x00007fff68861000 	C:\WINDOWS\System32\ucrtbase.dll
0x00007fff69d20000 - 0x00007fff69dd0000 	C:\WINDOWS\System32\ADVAPI32.dll
0x00007fff6a510000 - 0x00007fff6a5b7000 	C:\WINDOWS\System32\msvcrt.dll
0x00007fff68c00000 - 0x00007fff68ca6000 	C:\WINDOWS\System32\sechost.dll
0x00007fff69110000 - 0x00007fff69227000 	C:\WINDOWS\System32\RPCRT4.dll
0x00007fff6a7d0000 - 0x00007fff6a96c000 	C:\WINDOWS\System32\ole32.dll
0x00007fff68870000 - 0x00007fff68bfa000 	C:\WINDOWS\System32\combase.dll
0x00007fff6a3c0000 - 0x00007fff6a3f1000 	C:\WINDOWS\System32\IMM32.DLL
0x00007fff50ab0000 - 0x00007fff50d3f000 	C:\WINDOWS\WinSxS\amd64_microsoft.windows.common-controls_6595b64144ccf1df_6.0.22621.2070_none_2713e6537381f706\comctl32.dll
0x000000006f040000 - 0x000000006f841000 	c:\users\softclanstech\bin\sencha\cmd\7.6.0.87\jre\bin\server\jvm.dll
0x00007fff69100000 - 0x00007fff69108000 	C:\WINDOWS\System32\PSAPI.DLL
0x00007fff5b940000 - 0x00007fff5b974000 	C:\WINDOWS\SYSTEM32\WINMM.dll
0x00007fff48890000 - 0x00007fff48899000 	C:\WINDOWS\SYSTEM32\WSOCK32.dll
0x00007fff561d0000 - 0x00007fff561da000 	C:\WINDOWS\SYSTEM32\VERSION.dll
0x00007fff69ca0000 - 0x00007fff69d11000 	C:\WINDOWS\System32\WS2_32.dll
0x00007fff253f0000 - 0x00007fff254df000 	C:\WINDOWS\SYSTEM32\MSVCR120.dll
0x00007fff4fca0000 - 0x00007fff4fcaf000 	c:\users\softclanstech\bin\sencha\cmd\7.6.0.87\jre\bin\verify.dll
0x00007fff343f0000 - 0x00007fff34418000 	c:\users\softclanstech\bin\sencha\cmd\7.6.0.87\jre\bin\java.dll
0x00007fff4f200000 - 0x00007fff4f216000 	c:\users\softclanstech\bin\sencha\cmd\7.6.0.87\jre\bin\zip.dll

VM Arguments:
jvm_args: -Dexe4j.semaphoreName=Local\c:_users_softclanstech_bin_sencha_cmd_7.6.0.87_sencha.exe0 -Dexe4j.isInstall4j=true -Dexe4j.moduleName=C:\Users\SoftClansTech\bin\Sencha\Cmd\7.6.0.87\sencha.exe -Dexe4j.tempDir= -Dexe4j.unextractedPosition=0 -Djava.library.path=c:\users\softclanstech\bin\sencha\cmd\7.6.0.87\jre\bin;C:\Program Files\Microsoft\jdk-11.0.16.101-hotspot\bin;C:\Windows\system32;C:\Windows;C:\Windows\System32\Wbem;C:\Windows\System32\WindowsPowerShell\v1.0\;C:\Windows\System32\OpenSSH\;C:\Program Files (x86)\AOMEI\AOMEI Backupper\6.9.2;C:\Program Files\Git\cmd;C:\ProgramData\ComposerSetup\bin;C:\Program Files\Microsoft SQL Server\150\Tools\Binn\;C:\Program Files\dotnet\;C:\Program Files\nodejs\;C:\ProgramData\Microsoft\Windows\Start Menu\Programs\Node.js;C:\WINDOWS\system32;C:\WINDOWS;C:\WINDOWS\System32\Wbem;C:\WINDOWS\System32\WindowsPowerShell\v1.0\;C:\WINDOWS\System32\OpenSSH\;C:\xampp3\php;C:\Program Files\TortoiseGit\bin;C:\Program Files\Microsoft SQL Server\Client SDK\ODBC\170\Tools\Binn\;C:\Users\SoftClansTech\bin\Sencha\Cmd;C:\Program Files\MySQL\MySQL Shell 8.0\bin\;C:\Users\SoftClansTech\AppData\Local\Microsoft\WindowsApps;C:\Users\SoftClansTech\AppData\Local\GitHubDesktop\bin;C:\Users\SoftClansTech\AppData\Roaming\Composer\vendor\bin;C:\ProgramData\ComposerSetup\bin;C:\Program Files\Sublime Text;C:\Users\SoftClansTech\.dotnet\tools;C:\Users\SoftClansTech\bin\Sencha\Cmd\6.6.0.13\legacy\3.1.1.274\templates\repo\{senchadir}\repo\remotes;C:\Users\SoftClansTech\bin\Sencha\Cmd\6.6.0.13;C:\Users\SoftClansTech\AppData\Roaming\npm;C:\ProgramData\Microsoft\Windows\Start Menu\Programs\Node.js; -Dexe4j.consoleCodepage=cp437 -Dapple.awt.UIElement=true -Dinstall4j.launcherId=159 -Dinstall4j.swt=false -Xms256m -Xmx2048m -Dapple.awt.UIElement=true -Xms4024m -Xmx8048m -Dawt.useSystemAAFontSettings=lcd 
java_command: C:\Users\SoftClansTech\bin\Sencha\Cmd\7.6.0.87\sencha.exe
java_class_path (initial): C:\Users\SoftClansTech\bin\Sencha\Cmd\7.6.0.87\.install4j\i4jruntime.jar;C:\Users\SoftClansTech\bin\Sencha\Cmd\7.6.0.87\.\sencha.jar
Launcher Type: generic

Environment Variables:
_JAVA_OPTIONS=-Xms4024m -Xmx8048m -Dawt.useSystemAAFontSettings=lcd
PATH=c:\users\softclanstech\bin\sencha\cmd\7.6.0.87\jre\bin;C:\Program Files\Microsoft\jdk-11.0.16.101-hotspot\bin;C:\Windows\system32;C:\Windows;C:\Windows\System32\Wbem;C:\Windows\System32\WindowsPowerShell\v1.0\;C:\Windows\System32\OpenSSH\;C:\Program Files (x86)\AOMEI\AOMEI Backupper\6.9.2;C:\Program Files\Git\cmd;C:\ProgramData\ComposerSetup\bin;C:\Program Files\Microsoft SQL Server\150\Tools\Binn\;C:\Program Files\dotnet\;C:\Program Files\nodejs\;C:\ProgramData\Microsoft\Windows\Start Menu\Programs\Node.js;C:\WINDOWS\system32;C:\WINDOWS;C:\WINDOWS\System32\Wbem;C:\WINDOWS\System32\WindowsPowerShell\v1.0\;C:\WINDOWS\System32\OpenSSH\;C:\xampp3\php;C:\Program Files\TortoiseGit\bin;C:\Program Files\Microsoft SQL Server\Client SDK\ODBC\170\Tools\Binn\;C:\Users\SoftClansTech\bin\Sencha\Cmd;C:\Program Files\MySQL\MySQL Shell 8.0\bin\;C:\Users\SoftClansTech\AppData\Local\Microsoft\WindowsApps;C:\Users\SoftClansTech\AppData\Local\GitHubDesktop\bin;C:\Users\SoftClansTech\AppData\Roaming\Composer\vendor\bin;C:\ProgramData\ComposerSetup\bin;C:\Program Files\Sublime Text;C:\Users\SoftClansTech\.dotnet\tools;C:\Users\SoftClansTech\bin\Sencha\Cmd\6.6.0.13\legacy\3.1.1.274\templates\repo\{senchadir}\repo\remotes;C:\Users\SoftClansTech\bin\Sencha\Cmd\6.6.0.13;C:\Users\SoftClansTech\AppData\Roaming\npm;C:\ProgramData\Microsoft\Windows\Start Menu\Programs\Node.js;
USERNAME=SoftClansTech
OS=Windows_NT
PROCESSOR_IDENTIFIER=Intel64 Family 6 Model 142 Stepping 12, GenuineIntel



---------------  S Y S T E M  ---------------

OS: Windows 10.0 , 64 bit Build 22621 (10.0.22621.2070)

CPU:total 8 (initial active 8) (4 cores per cpu, 2 threads per core) family 6 model 142 stepping 12, cmov, cx8, fxsr, mmx, sse, sse2, sse3, ssse3, sse4.1, sse4.2, popcnt, avx, avx2, aes, clmul, erms, 3dnowpref, lzcnt, ht, tsc, tscinvbit, bmi1, bmi2, adx

Memory: 4k page, physical 8133464k(1088680k free), swap 16980000k(5152k free)

vm_info: OpenJDK 64-Bit Server VM (25.242-b08) for windows-amd64 JRE (1.8.0_242-b08), built on Jan 19 2020 14:45:52 by "jenkins" with MS VC++ 12.0 (VS2013)

time: Thu Sep 14 22:29:26 2023
timezone: E. Africa Standard Time
elapsed time: 0 seconds (0d 0h 0m 0s)

