#
# There is insufficient memory for the Java Runtime Environment to continue.
# Native memory allocation (malloc) failed to allocate 1108976 bytes for Chunk::new
# Possible reasons:
#   The system is out of physical RAM or swap space
#   The process is running with CompressedOops enabled, and the Java Heap may be blocking the growth of the native heap
# Possible solutions:
#   Reduce memory load on the system
#   Increase physical memory or swap space
#   Check if swap backing store is full
#   Decrease Java heap size (-Xmx/-Xms)
#   Decrease number of Java threads
#   Decrease Java thread stack sizes (-Xss)
#   Set larger code cache with -XX:ReservedCodeCacheSize=
#   JVM is running with Zero Based Compressed Oops mode in which the Java heap is
#     placed in the first 32GB address space. The Java Heap base address is the
#     maximum limit for the native heap growth. Please use -XX:HeapBaseMinAddress
#     to set the Java Heap base and to place the Java Heap above 32GB virtual address.
# This output file may be truncated or incomplete.
#
#  Out of Memory Error (allocation.cpp:389), pid=28556, tid=0x0000000000002fa4
#
# JRE version: OpenJDK Runtime Environment (8.0_242-b08) (build 1.8.0_242-b08)
# Java VM: OpenJDK 64-Bit Server VM (25.242-b08 mixed mode windows-amd64 compressed oops)
# Failed to write core dump. Minidumps are not enabled by default on client versions of Windows
#

---------------  T H R E A D  ---------------

Current thread (0x0000000025f7e000):  JavaThread "C2 CompilerThread1" daemon [_thread_in_native, id=12196, stack(0x0000000027910000,0x0000000027a10000)]

Stack: [0x0000000027910000,0x0000000027a10000]
[error occurred during error reporting (printing stack bounds), id 0xc0000005]

Native frames: (J=compiled Java code, j=interpreted, Vv=VM code, C=native code)


Current CompileTask:
C2: 244551 10430       4       com.google.javascript.jscomp.Es6RenameReferences::visit (77 bytes)


---------------  P R O C E S S  ---------------

Java Threads: ( => current thread )
  0x0000000028e5e000 JavaThread "Thread-9" daemon [_thread_blocked, id=18188, stack(0x000000002a870000,0x000000002a970000)]
  0x0000000029041000 JavaThread "Thread-8" daemon [_thread_blocked, id=12308, stack(0x000000002a770000,0x000000002a870000)]
  0x00000000296ae800 JavaThread "Thread-7" daemon [_thread_blocked, id=16288, stack(0x000000002a670000,0x000000002a770000)]
  0x000000002949f000 JavaThread "Thread-6" daemon [_thread_blocked, id=27716, stack(0x000000002a570000,0x000000002a670000)]
  0x0000000028e96800 JavaThread "Thread-5" daemon [_thread_blocked, id=17776, stack(0x000000002a470000,0x000000002a570000)]
  0x0000000029293800 JavaThread "Thread-4" daemon [_thread_blocked, id=15488, stack(0x000000002a370000,0x000000002a470000)]
  0x0000000028d9a000 JavaThread "Thread-3" daemon [_thread_blocked, id=30828, stack(0x000000002a270000,0x000000002a370000)]
  0x0000000028ca9800 JavaThread "Thread-2" daemon [_thread_blocked, id=12972, stack(0x0000000029b70000,0x0000000029c70000)]
  0x0000000025f91000 JavaThread "Service Thread" daemon [_thread_blocked, id=29804, stack(0x0000000028010000,0x0000000028110000)]
  0x0000000025f88000 JavaThread "C1 CompilerThread3" daemon [_thread_blocked, id=14756, stack(0x0000000027b10000,0x0000000027c10000)]
  0x0000000025f85800 JavaThread "C2 CompilerThread2" daemon [_thread_blocked, id=25560, stack(0x0000000027a10000,0x0000000027b10000)]
=>0x0000000025f7e000 JavaThread "C2 CompilerThread1" daemon [_thread_in_native, id=12196, stack(0x0000000027910000,0x0000000027a10000)]
  0x0000000025f7c000 JavaThread "C2 CompilerThread0" daemon [_thread_blocked, id=26888, stack(0x0000000027810000,0x0000000027910000)]
  0x0000000025f78800 JavaThread "Attach Listener" daemon [_thread_blocked, id=27476, stack(0x0000000027710000,0x0000000027810000)]
  0x0000000025f77000 JavaThread "Signal Dispatcher" daemon [_thread_blocked, id=15256, stack(0x0000000027610000,0x0000000027710000)]
  0x000000002535b800 JavaThread "Finalizer" daemon [_thread_blocked, id=29236, stack(0x0000000027410000,0x0000000027510000)]
  0x0000000025f4a000 JavaThread "Reference Handler" daemon [_thread_blocked, id=17012, stack(0x0000000027310000,0x0000000027410000)]
  0x0000000000943000 JavaThread "main" [_thread_in_Java, id=30972, stack(0x0000000002820000,0x0000000002920000)]

Other Threads:
  0x0000000025f22800 VMThread [stack: 0x0000000027210000,0x0000000027310000] [id=6372]
  0x0000000025f91800 WatcherThread [stack: 0x0000000028110000,0x0000000028210000] [id=32672]

VM state:not at safepoint (normal execution)

VM Mutex/Monitor currently owned by a thread: None

heap address: 0x00000005c9000000, size: 8048 MB, Compressed Oops mode: Zero based, Oop shift amount: 3
Narrow klass base: 0x0000000000000000, Narrow klass shift: 3
Compressed class space size: 1073741824 Address: 0x00000007c0000000

Heap:
 PSYoungGen      total 1990144K, used 630453K [0x0000000718580000, 0x00000007c0000000, 0x00000007c0000000)
  eden space 1233408K, 51% used [0x0000000718580000,0x000000073ed2d4f8,0x0000000763a00000)
  from space 756736K, 0% used [0x0000000763a00000,0x0000000763a00000,0x0000000791d00000)
  to   space 721920K, 0% used [0x0000000793f00000,0x0000000793f00000,0x00000007c0000000)
 ParOldGen       total 4060160K, used 1452961K [0x00000005c9000000, 0x00000006c0d00000, 0x0000000718580000)
  object space 4060160K, 35% used [0x00000005c9000000,0x0000000621ae8570,0x00000006c0d00000)
 Metaspace       used 36910K, capacity 38474K, committed 38616K, reserved 1083392K
  class space    used 4019K, capacity 4546K, committed 4608K, reserved 1048576K

Card table byte_map: [0x0000000011ce0000,0x0000000012ca0000] byte_map_base: 0x000000000ee98000

Marking Bits: (ParMarkBitMap*) 0x000000006c3b8030
 Begin Bits: [0x0000000013f20000, 0x000000001bce0000)
 End Bits:   [0x000000001bce0000, 0x0000000023aa0000)

Polling page: 0x0000000002560000

CodeCache: size=245760Kb used=32424Kb max_used=33058Kb free=213335Kb
 bounds [0x0000000002920000, 0x00000000049d0000, 0x0000000011920000]
 total_blobs=7981 nmethods=7496 adapters=396
 compilation: enabled

Compilation events (10 events):
Event: 244.253 Thread 0x0000000025f85800 10433       4       com.google.javascript.jscomp.jarjar.com.google.common.collect.SingletonImmutableList::iterator (5 bytes)
Event: 244.254 Thread 0x0000000025f85800 nmethod 10433 0x00000000048517d0 code [0x0000000004851920, 0x00000000048519f8]
Event: 244.304 Thread 0x0000000025f88000 10434       3       com.google.javascript.jscomp.Es6RenameReferences::renameReference (168 bytes)
Event: 244.306 Thread 0x0000000025f7c000 10435       4       com.google.javascript.rhino.JSDocInfo::getTypeExpressions (112 bytes)
Event: 244.307 Thread 0x0000000025f88000 nmethod 10434 0x0000000004735850 code [0x0000000004735c80, 0x00000000047387c8]
Event: 244.316 Thread 0x0000000025f85800 10436       4       com.google.javascript.jscomp.Es6RenameReferences::renameReference (168 bytes)
Event: 244.327 Thread 0x0000000025f7c000 nmethod 10435 0x000000000473e650 code [0x000000000473e800, 0x000000000473f1e8]
Event: 244.372 Thread 0x0000000025f85800 nmethod 10436 0x000000000472eb10 code [0x000000000472eea0, 0x0000000004730688]
Event: 244.415 Thread 0x0000000025f7c000 10437       4       com.google.javascript.rhino.JSDocInfo::getTypeNodes (53 bytes)
Event: 244.436 Thread 0x0000000025f7c000 nmethod 10437 0x0000000004734450 code [0x0000000004734620, 0x0000000004735088]

GC Heap History (10 events):
Event: 186.094 GC heap before
{Heap before GC invocations=21 (full 1):
 PSYoungGen      total 2359808K, used 2015360K [0x0000000718580000, 0x00000007be180000, 0x00000007c0000000)
  eden space 2004992K, 100% used [0x0000000718580000,0x0000000792b80000,0x0000000792b80000)
  from space 354816K, 2% used [0x0000000792b80000,0x00000007935a0000,0x00000007a8600000)
  to   space 344576K, 0% used [0x00000007a9100000,0x00000007a9100000,0x00000007be180000)
 ParOldGen       total 2747392K, used 1235539K [0x00000005c9000000, 0x0000000670b00000, 0x0000000718580000)
  object space 2747392K, 44% used [0x00000005c9000000,0x0000000614694f60,0x0000000670b00000)
 Metaspace       used 27235K, capacity 28302K, committed 28416K, reserved 1075200K
  class space    used 3087K, capacity 3512K, committed 3584K, reserved 1048576K
Event: 186.118 GC heap after
Heap after GC invocations=21 (full 1):
 PSYoungGen      total 2377728K, used 29536K [0x0000000718580000, 0x00000007bda00000, 0x00000007c0000000)
  eden space 2040832K, 0% used [0x0000000718580000,0x0000000718580000,0x0000000794e80000)
  from space 336896K, 8% used [0x00000007a9100000,0x00000007aadd8000,0x00000007bda00000)
  to   space 330240K, 0% used [0x0000000794e80000,0x0000000794e80000,0x00000007a9100000)
 ParOldGen       total 2747392K, used 1245495K [0x00000005c9000000, 0x0000000670b00000, 0x0000000718580000)
  object space 2747392K, 45% used [0x00000005c9000000,0x000000061504df50,0x0000000670b00000)
 Metaspace       used 27235K, capacity 28302K, committed 28416K, reserved 1075200K
  class space    used 3087K, capacity 3512K, committed 3584K, reserved 1048576K
}
Event: 191.094 GC heap before
{Heap before GC invocations=22 (full 1):
 PSYoungGen      total 2377728K, used 2070368K [0x0000000718580000, 0x00000007bda00000, 0x00000007c0000000)
  eden space 2040832K, 100% used [0x0000000718580000,0x0000000794e80000,0x0000000794e80000)
  from space 336896K, 8% used [0x00000007a9100000,0x00000007aadd8000,0x00000007bda00000)
  to   space 330240K, 0% used [0x0000000794e80000,0x0000000794e80000,0x00000007a9100000)
 ParOldGen       total 2747392K, used 1245495K [0x00000005c9000000, 0x0000000670b00000, 0x0000000718580000)
  object space 2747392K, 45% used [0x00000005c9000000,0x000000061504df50,0x0000000670b00000)
 Metaspace       used 27483K, capacity 28494K, committed 28672K, reserved 1075200K
  class space    used 3099K, capacity 3512K, committed 3584K, reserved 1048576K
Event: 191.541 GC heap after
Heap after GC invocations=22 (full 1):
 PSYoungGen      total 2371072K, used 330220K [0x0000000718580000, 0x00000007c0000000, 0x00000007c0000000)
  eden space 2040832K, 0% used [0x0000000718580000,0x0000000718580000,0x0000000794e80000)
  from space 330240K, 99% used [0x0000000794e80000,0x00000007a90fb158,0x00000007a9100000)
  to   space 375808K, 0% used [0x00000007a9100000,0x00000007a9100000,0x00000007c0000000)
 ParOldGen       total 2747392K, used 1297793K [0x00000005c9000000, 0x0000000670b00000, 0x0000000718580000)
  object space 2747392K, 47% used [0x00000005c9000000,0x0000000618360790,0x0000000670b00000)
 Metaspace       used 27483K, capacity 28494K, committed 28672K, reserved 1075200K
  class space    used 3099K, capacity 3512K, committed 3584K, reserved 1048576K
}
Event: 198.085 GC heap before
{Heap before GC invocations=23 (full 1):
 PSYoungGen      total 2371072K, used 2371052K [0x0000000718580000, 0x00000007c0000000, 0x00000007c0000000)
  eden space 2040832K, 100% used [0x0000000718580000,0x0000000794e80000,0x0000000794e80000)
  from space 330240K, 99% used [0x0000000794e80000,0x00000007a90fb158,0x00000007a9100000)
  to   space 375808K, 0% used [0x00000007a9100000,0x00000007a9100000,0x00000007c0000000)
 ParOldGen       total 2747392K, used 1297793K [0x00000005c9000000, 0x0000000670b00000, 0x0000000718580000)
  object space 2747392K, 47% used [0x00000005c9000000,0x0000000618360790,0x0000000670b00000)
 Metaspace       used 33466K, capacity 34582K, committed 34816K, reserved 1079296K
  class space    used 3640K, capacity 4068K, committed 4096K, reserved 1048576K
Event: 202.467 GC heap after
Heap after GC invocations=23 (full 1):
 PSYoungGen      total 1609216K, used 375796K [0x0000000718580000, 0x00000007c0000000, 0x00000007c0000000)
  eden space 1233408K, 0% used [0x0000000718580000,0x0000000718580000,0x0000000763a00000)
  from space 375808K, 99% used [0x00000007a9100000,0x00000007bfffd088,0x00000007c0000000)
  to   space 756736K, 0% used [0x0000000763a00000,0x0000000763a00000,0x0000000791d00000)
 ParOldGen       total 2747392K, used 2040486K [0x00000005c9000000, 0x0000000670b00000, 0x0000000718580000)
  object space 2747392K, 74% used [0x00000005c9000000,0x00000006458a99e8,0x0000000670b00000)
 Metaspace       used 33466K, capacity 34582K, committed 34816K, reserved 1079296K
  class space    used 3640K, capacity 4068K, committed 4096K, reserved 1048576K
}
Event: 207.307 GC heap before
{Heap before GC invocations=24 (full 1):
 PSYoungGen      total 1609216K, used 721331K [0x0000000718580000, 0x00000007c0000000, 0x00000007c0000000)
  eden space 1233408K, 28% used [0x0000000718580000,0x000000072d6efd98,0x0000000763a00000)
  from space 375808K, 99% used [0x00000007a9100000,0x00000007bfffd088,0x00000007c0000000)
  to   space 756736K, 0% used [0x0000000763a00000,0x0000000763a00000,0x0000000791d00000)
 ParOldGen       total 2747392K, used 2040486K [0x00000005c9000000, 0x0000000670b00000, 0x0000000718580000)
  object space 2747392K, 74% used [0x00000005c9000000,0x00000006458a99e8,0x0000000670b00000)
 Metaspace       used 34062K, capacity 35384K, committed 35416K, reserved 1081344K
  class space    used 3720K, capacity 4195K, committed 4224K, reserved 1048576K
Event: 208.692 GC heap after
Heap after GC invocations=24 (full 1):
 PSYoungGen      total 1990144K, used 103059K [0x0000000718580000, 0x00000007c0000000, 0x00000007c0000000)
  eden space 1233408K, 0% used [0x0000000718580000,0x0000000718580000,0x0000000763a00000)
  from space 756736K, 13% used [0x0000000763a00000,0x0000000769ea4ea0,0x0000000791d00000)
  to   space 721920K, 0% used [0x0000000793f00000,0x0000000793f00000,0x00000007c0000000)
 ParOldGen       total 2747392K, used 2305399K [0x00000005c9000000, 0x0000000670b00000, 0x0000000718580000)
  object space 2747392K, 83% used [0x00000005c9000000,0x0000000655b5dd40,0x0000000670b00000)
 Metaspace       used 34062K, capacity 35384K, committed 35416K, reserved 1081344K
  class space    used 3720K, capacity 4195K, committed 4224K, reserved 1048576K
}
Event: 208.692 GC heap before
{Heap before GC invocations=25 (full 2):
 PSYoungGen      total 1990144K, used 103059K [0x0000000718580000, 0x00000007c0000000, 0x00000007c0000000)
  eden space 1233408K, 0% used [0x0000000718580000,0x0000000718580000,0x0000000763a00000)
  from space 756736K, 13% used [0x0000000763a00000,0x0000000769ea4ea0,0x0000000791d00000)
  to   space 721920K, 0% used [0x0000000793f00000,0x0000000793f00000,0x00000007c0000000)
 ParOldGen       total 2747392K, used 2305399K [0x00000005c9000000, 0x0000000670b00000, 0x0000000718580000)
  object space 2747392K, 83% used [0x00000005c9000000,0x0000000655b5dd40,0x0000000670b00000)
 Metaspace       used 34062K, capacity 35384K, committed 35416K, reserved 1081344K
  class space    used 3720K, capacity 4195K, committed 4224K, reserved 1048576K
Event: 226.612 GC heap after
Heap after GC invocations=25 (full 2):
 PSYoungGen      total 1990144K, used 0K [0x0000000718580000, 0x00000007c0000000, 0x00000007c0000000)
  eden space 1233408K, 0% used [0x0000000718580000,0x0000000718580000,0x0000000763a00000)
  from space 756736K, 0% used [0x0000000763a00000,0x0000000763a00000,0x0000000791d00000)
  to   space 721920K, 0% used [0x0000000793f00000,0x0000000793f00000,0x00000007c0000000)
 ParOldGen       total 4060160K, used 1452961K [0x00000005c9000000, 0x00000006c0d00000, 0x0000000718580000)
  object space 4060160K, 35% used [0x00000005c9000000,0x0000000621ae8570,0x00000006c0d00000)
 Metaspace       used 34033K, capacity 35344K, committed 35416K, reserved 1081344K
  class space    used 3718K, capacity 4187K, committed 4224K, reserved 1048576K
}

Deoptimization events (10 events):
Event: 242.255 Thread 0x0000000000943000 Uncommon trap: reason=unstable_if action=reinterpret pc=0x000000000462d4f8 method=com.google.javascript.jscomp.Es6RewriteArrowFunction.shouldTraverse(Lcom/google/javascript/jscomp/NodeTraversal;Lcom/google/javascript/rhino/Node;Lcom/google/javascript/rhin
Event: 242.255 Thread 0x0000000000943000 Uncommon trap: reason=unstable_if action=reinterpret pc=0x000000000315348c method=com.google.javascript.jscomp.Es6RewriteArrowFunction.visit(Lcom/google/javascript/jscomp/NodeTraversal;Lcom/google/javascript/rhino/Node;Lcom/google/javascript/rhino/Node;)V
Event: 243.217 Thread 0x0000000000943000 Uncommon trap: reason=unstable_if action=reinterpret pc=0x00000000044c31c4 method=com.google.javascript.rhino.QualifiedName$StringListQname.matches(Lcom/google/javascript/rhino/Node;)Z @ 36
Event: 243.300 Thread 0x0000000000943000 Uncommon trap: reason=class_check action=maybe_recompile pc=0x0000000003d9c2c0 method=com.google.javascript.rhino.Node.rebuildListWithoutProp(Lcom/google/javascript/rhino/Node$PropListItem;Lcom/google/javascript/rhino/Node$Prop;)Lcom/google/javascript/rhi
Event: 243.369 Thread 0x0000000000943000 Uncommon trap: reason=class_check action=maybe_recompile pc=0x0000000003dca53c method=com.google.javascript.rhino.Node.rebuildListWithoutProp(Lcom/google/javascript/rhino/Node$PropListItem;Lcom/google/javascript/rhino/Node$Prop;)Lcom/google/javascript/rhi
Event: 243.533 Thread 0x0000000000943000 Uncommon trap: reason=class_check action=maybe_recompile pc=0x000000000472070c method=com.google.javascript.rhino.Node.rebuildListWithoutProp(Lcom/google/javascript/rhino/Node$PropListItem;Lcom/google/javascript/rhino/Node$Prop;)Lcom/google/javascript/rhi
Event: 244.172 Thread 0x0000000000943000 Uncommon trap: reason=unstable_if action=reinterpret pc=0x000000000474b3a8 method=com.google.javascript.jscomp.jarjar.com.google.common.base.Splitter$SplittingIterator.computeNext()Ljava/lang/String; @ 106
Event: 244.174 Thread 0x0000000000943000 Uncommon trap: reason=unstable_if action=reinterpret pc=0x0000000003dbe780 method=com.google.javascript.jscomp.jarjar.com.google.common.collect.StandardTable.containsRow(Ljava/lang/Object;)Z @ 12
Event: 244.174 Thread 0x0000000000943000 Uncommon trap: reason=unstable_if action=reinterpret pc=0x000000000461a910 method=com.google.javascript.jscomp.jarjar.com.google.common.collect.StandardTable.containsRow(Ljava/lang/Object;)Z @ 12
Event: 244.304 Thread 0x0000000000943000 Uncommon trap: reason=unstable_if action=reinterpret pc=0x000000000473ac10 method=com.google.javascript.jscomp.Es6RenameReferences.renameReference(Lcom/google/javascript/jscomp/NodeTraversal;Lcom/google/javascript/rhino/Node;Z)V @ 63

Classes redefined (0 events):
No events

Internal exceptions (10 events):
Event: 192.275 Thread 0x0000000000943000 Exception <a 'java/lang/ClassNotFoundException': com/sencha/command/compile/BaseOutputCommandCustomizer> (0x000000072af04478) thrown at [C:\cygwin64\tmp\openjdk-jdk8u-windows-x64-hotspot\workspace\build\src\hotspot\src\share\vm\classfile\systemDictionary.
Event: 192.277 Thread 0x0000000000943000 Exception <a 'java/lang/ClassNotFoundException': com/sencha/command/compile/ConcatenateCommandCustomizer> (0x000000072af1d3a8) thrown at [C:\cygwin64\tmp\openjdk-jdk8u-windows-x64-hotspot\workspace\build\src\hotspot\src\share\vm\classfile\systemDictionary
Event: 193.816 Thread 0x0000000000943000 Exception <a 'java/lang/NoSuchMethodError': java.lang.Object.lambda$comparingInt$7b0bb60$1(Ljava/util/function/ToIntFunction;Ljava/lang/Object;Ljava/lang/Object;)I> (0x000000075bba76f0) thrown at [C:\cygwin64\tmp\openjdk-jdk8u-windows-x64-hotspot\workspac
Event: 193.819 Thread 0x0000000000943000 Exception <a 'java/lang/NoSuchMethodError': java.lang.Object.lambda$thenComparing$36697e65$1(Ljava/util/Comparator;Ljava/lang/Object;Ljava/lang/Object;)I> (0x000000075bbb3e78) thrown at [C:\cygwin64\tmp\openjdk-jdk8u-windows-x64-hotspot\workspace\build\sr
Event: 193.882 Thread 0x0000000000943000 Exception <a 'java/lang/NoSuchMethodError': java.lang.Object.lambda$identity$2(Ljava/lang/Object;)Ljava/lang/Object;> (0x000000075bda58a8) thrown at [C:\cygwin64\tmp\openjdk-jdk8u-windows-x64-hotspot\workspace\build\src\hotspot\src\share\vm\interpreter\li
Event: 204.782 Thread 0x0000000000943000 Implicit null exception at 0x0000000002af9d83 to 0x0000000002af9f45
Event: 207.249 Thread 0x0000000000943000 Implicit null exception at 0x0000000003f169bc to 0x0000000003f1b3d9
Event: 227.353 Thread 0x0000000000943000 Implicit null exception at 0x0000000004091fbd to 0x000000000409238d
Event: 227.358 Thread 0x0000000000943000 Implicit null exception at 0x0000000002d990d9 to 0x0000000002d994c9
Event: 236.594 Thread 0x0000000000943000 Implicit null exception at 0x00000000045cf74a to 0x00000000045d0259

Events (10 events):
Event: 244.172 Thread 0x0000000000943000 DEOPT UNPACKING pc=0x000000000296557b sp=0x0000000002918950 mode 2
Event: 244.174 Thread 0x0000000000943000 Uncommon trap: trap_request=0xffffff65 fr.pc=0x0000000003dbe780
Event: 244.174 Thread 0x0000000000943000 DEOPT PACKING pc=0x0000000003dbe780 sp=0x0000000002918be0
Event: 244.174 Thread 0x0000000000943000 DEOPT UNPACKING pc=0x000000000296557b sp=0x0000000002918890 mode 2
Event: 244.174 Thread 0x0000000000943000 Uncommon trap: trap_request=0xffffff65 fr.pc=0x000000000461a910
Event: 244.174 Thread 0x0000000000943000 DEOPT PACKING pc=0x000000000461a910 sp=0x0000000002918af0
Event: 244.174 Thread 0x0000000000943000 DEOPT UNPACKING pc=0x000000000296557b sp=0x00000000029187f8 mode 2
Event: 244.304 Thread 0x0000000000943000 Uncommon trap: trap_request=0xffffff65 fr.pc=0x000000000473ac10
Event: 244.304 Thread 0x0000000000943000 DEOPT PACKING pc=0x000000000473ac10 sp=0x0000000002918af0
Event: 244.304 Thread 0x0000000000943000 DEOPT UNPACKING pc=0x000000000296557b sp=0x0000000002918ab8 mode 2


Dynamic libraries:
0x00007ff700730000 - 0x00007ff7007a2000 	C:\Users\SoftClansTech\bin\Sencha\Cmd\7.6.0.87\sencha.exe
0x00007ff927650000 - 0x00007ff927864000 	C:\WINDOWS\SYSTEM32\ntdll.dll
0x00007ff926180000 - 0x00007ff926242000 	C:\WINDOWS\System32\KERNEL32.DLL
0x00007ff924b40000 - 0x00007ff924ee3000 	C:\WINDOWS\System32\KERNELBASE.dll
0x00007ff925a20000 - 0x00007ff925bca000 	C:\WINDOWS\System32\USER32.dll
0x00007ff924b10000 - 0x00007ff924b36000 	C:\WINDOWS\System32\win32u.dll
0x00007ff9259f0000 - 0x00007ff925a19000 	C:\WINDOWS\System32\GDI32.dll
0x00007ff924f70000 - 0x00007ff925089000 	C:\WINDOWS\System32\gdi32full.dll
0x00007ff925390000 - 0x00007ff92542a000 	C:\WINDOWS\System32\msvcp_win.dll
0x00007ff925090000 - 0x00007ff9251a1000 	C:\WINDOWS\System32\ucrtbase.dll
0x00007ff925fc0000 - 0x00007ff92606e000 	C:\WINDOWS\System32\ADVAPI32.dll
0x00007ff9260d0000 - 0x00007ff926177000 	C:\WINDOWS\System32\msvcrt.dll
0x00007ff9256f0000 - 0x00007ff925794000 	C:\WINDOWS\System32\sechost.dll
0x00007ff926720000 - 0x00007ff926837000 	C:\WINDOWS\System32\RPCRT4.dll
0x00007ff927040000 - 0x00007ff9271dc000 	C:\WINDOWS\System32\ole32.dll
0x00007ff925bd0000 - 0x00007ff925f59000 	C:\WINDOWS\System32\combase.dll
0x00007ff926250000 - 0x00007ff926281000 	C:\WINDOWS\System32\IMM32.DLL
0x00007ff90d760000 - 0x00007ff90d9ee000 	C:\WINDOWS\WinSxS\amd64_microsoft.windows.common-controls_6595b64144ccf1df_6.0.22621.1635_none_270f70857386168e\comctl32.dll
0x000000006bc30000 - 0x000000006c431000 	c:\users\softclanstech\bin\sencha\cmd\7.6.0.87\jre\bin\server\jvm.dll
0x00007ff926290000 - 0x00007ff926298000 	C:\WINDOWS\System32\PSAPI.DLL
0x00007ff9095f0000 - 0x00007ff9095f9000 	C:\WINDOWS\SYSTEM32\WSOCK32.dll
0x00007ff916b60000 - 0x00007ff916b6a000 	C:\WINDOWS\SYSTEM32\VERSION.dll
0x00007ff9258c0000 - 0x00007ff925931000 	C:\WINDOWS\System32\WS2_32.dll
0x00007ff918bb0000 - 0x00007ff918be4000 	C:\WINDOWS\SYSTEM32\WINMM.dll
0x00007ff8d88a0000 - 0x00007ff8d898f000 	C:\WINDOWS\SYSTEM32\MSVCR120.dll
0x00007ff9103b0000 - 0x00007ff9103bf000 	c:\users\softclanstech\bin\sencha\cmd\7.6.0.87\jre\bin\verify.dll
0x00007ff90b5e0000 - 0x00007ff90b608000 	c:\users\softclanstech\bin\sencha\cmd\7.6.0.87\jre\bin\java.dll
0x00007ff90b800000 - 0x00007ff90b816000 	c:\users\softclanstech\bin\sencha\cmd\7.6.0.87\jre\bin\zip.dll
0x00007ff926840000 - 0x00007ff927039000 	C:\WINDOWS\System32\SHELL32.dll
0x00007ff922a40000 - 0x00007ff92330e000 	C:\WINDOWS\SYSTEM32\windows.storage.dll
0x00007ff922900000 - 0x00007ff922a3e000 	C:\WINDOWS\SYSTEM32\wintypes.dll
0x00007ff927360000 - 0x00007ff927451000 	C:\WINDOWS\System32\SHCORE.dll
0x00007ff925f60000 - 0x00007ff925fbe000 	C:\WINDOWS\System32\shlwapi.dll
0x00007ff924980000 - 0x00007ff9249a6000 	C:\WINDOWS\SYSTEM32\profapi.dll
0x0000000180000000 - 0x0000000180032000 	C:\Users\SoftClansTech\bin\Sencha\Cmd\7.6.0.87\.install4j\i4jinst.dll
0x00007ff925450000 - 0x00007ff925527000 	C:\WINDOWS\System32\OLEAUT32.dll
0x00007ff90b8d0000 - 0x00007ff90b8dd000 	C:\Users\SoftClansTech\bin\Sencha\Cmd\7.6.0.87\jre\bin\management.dll
0x00007ff90b7b0000 - 0x00007ff90b7b9000 	C:\Users\SoftClansTech\AppData\Local\Temp\jansi-64-1.9.dll
0x000000006d3d0000 - 0x000000006d473000 	C:\WINDOWS\WinSxS\amd64_microsoft.vc90.crt_1fc8b3b9a1e18e3b_9.0.30729.9635_none_08e2c157a83ed5da\MSVCR90.dll
0x00007ff90ae50000 - 0x00007ff90ae6a000 	C:\Users\SoftClansTech\bin\Sencha\Cmd\7.6.0.87\jre\bin\net.dll
0x00007ff923f10000 - 0x00007ff923f79000 	C:\WINDOWS\system32\mswsock.dll
0x00007ff90ae30000 - 0x00007ff90ae42000 	C:\Users\SoftClansTech\bin\Sencha\Cmd\7.6.0.87\jre\bin\nio.dll

VM Arguments:
jvm_args: -Dexe4j.semaphoreName=Local\c:_users_softclanstech_bin_sencha_cmd_7.6.0.87_sencha.exe0 -Dexe4j.isInstall4j=true -Dexe4j.moduleName=C:\Users\SoftClansTech\bin\Sencha\Cmd\7.6.0.87\sencha.exe -Dexe4j.tempDir= -Dexe4j.unextractedPosition=0 -Djava.library.path=c:\users\softclanstech\bin\sencha\cmd\7.6.0.87\jre\bin;C:\Program Files\Microsoft\jdk-11.0.16.101-hotspot\bin;C:\Windows\system32;C:\Windows;C:\Windows\System32\Wbem;C:\Windows\System32\WindowsPowerShell\v1.0\;C:\Windows\System32\OpenSSH\;C:\Program Files (x86)\AOMEI\AOMEI Backupper\6.9.2;C:\Program Files\Git\cmd;C:\ProgramData\ComposerSetup\bin;C:\Program Files\Microsoft SQL Server\150\Tools\Binn\;C:\Program Files\dotnet\;C:\Program Files\nodejs\;C:\ProgramData\Microsoft\Windows\Start Menu\Programs\Node.js;C:\WINDOWS\system32;C:\WINDOWS;C:\WINDOWS\System32\Wbem;C:\WINDOWS\System32\WindowsPowerShell\v1.0\;C:\WINDOWS\System32\OpenSSH\;C:\xampp3\php;C:\Program Files\TortoiseGit\bin;C:\Program Files\Microsoft SQL Server\Client SDK\ODBC\170\Tools\Binn\;C:\Users\SoftClansTech\bin\Sencha\Cmd;C:\Program Files\MySQL\MySQL Shell 8.0\bin\;C:\Users\SoftClansTech\AppData\Local\Microsoft\WindowsApps;C:\Users\SoftClansTech\AppData\Local\GitHubDesktop\bin;C:\Users\SoftClansTech\AppData\Roaming\Composer\vendor\bin;C:\ProgramData\ComposerSetup\bin;C:\Program Files\Sublime Text;C:\Users\SoftClansTech\.dotnet\tools;C:\Users\SoftClansTech\bin\Sencha\Cmd\6.6.0.13\legacy\3.1.1.274\templates\repo\{senchadir}\repo\remotes;C:\Users\SoftClansTech\bin\Sencha\Cmd\6.6.0.13;C:\Users\SoftClansTech\AppData\Roaming\npm;C:\ProgramData\Microsoft\Windows\Start Menu\Programs\Node.js; -Dexe4j.consoleCodepage=cp437 -Dapple.awt.UIElement=true -Dinstall4j.launcherId=159 -Dinstall4j.swt=false -Xms256m -Xmx2048m -Dapple.awt.UIElement=true -Xms4024m -Xmx8048m -Dawt.useSystemAAFontSettings=lcd 
java_command: C:\Users\SoftClansTech\bin\Sencha\Cmd\7.6.0.87\sencha.exe
java_class_path (initial): C:\Users\SoftClansTech\bin\Sencha\Cmd\7.6.0.87\.install4j\i4jruntime.jar;C:\Users\SoftClansTech\bin\Sencha\Cmd\7.6.0.87\.\sencha.jar
Launcher Type: generic

Environment Variables:
_JAVA_OPTIONS=-Xms4024m -Xmx8048m -Dawt.useSystemAAFontSettings=lcd
PATH=c:\users\softclanstech\bin\sencha\cmd\7.6.0.87\jre\bin;C:\Program Files\Microsoft\jdk-11.0.16.101-hotspot\bin;C:\Windows\system32;C:\Windows;C:\Windows\System32\Wbem;C:\Windows\System32\WindowsPowerShell\v1.0\;C:\Windows\System32\OpenSSH\;C:\Program Files (x86)\AOMEI\AOMEI Backupper\6.9.2;C:\Program Files\Git\cmd;C:\ProgramData\ComposerSetup\bin;C:\Program Files\Microsoft SQL Server\150\Tools\Binn\;C:\Program Files\dotnet\;C:\Program Files\nodejs\;C:\ProgramData\Microsoft\Windows\Start Menu\Programs\Node.js;C:\WINDOWS\system32;C:\WINDOWS;C:\WINDOWS\System32\Wbem;C:\WINDOWS\System32\WindowsPowerShell\v1.0\;C:\WINDOWS\System32\OpenSSH\;C:\xampp3\php;C:\Program Files\TortoiseGit\bin;C:\Program Files\Microsoft SQL Server\Client SDK\ODBC\170\Tools\Binn\;C:\Users\SoftClansTech\bin\Sencha\Cmd;C:\Program Files\MySQL\MySQL Shell 8.0\bin\;C:\Users\SoftClansTech\AppData\Local\Microsoft\WindowsApps;C:\Users\SoftClansTech\AppData\Local\GitHubDesktop\bin;C:\Users\SoftClansTech\AppData\Roaming\Composer\vendor\bin;C:\ProgramData\ComposerSetup\bin;C:\Program Files\Sublime Text;C:\Users\SoftClansTech\.dotnet\tools;C:\Users\SoftClansTech\bin\Sencha\Cmd\6.6.0.13\legacy\3.1.1.274\templates\repo\{senchadir}\repo\remotes;C:\Users\SoftClansTech\bin\Sencha\Cmd\6.6.0.13;C:\Users\SoftClansTech\AppData\Roaming\npm;C:\ProgramData\Microsoft\Windows\Start Menu\Programs\Node.js;
USERNAME=SoftClansTech
OS=Windows_NT
PROCESSOR_IDENTIFIER=Intel64 Family 6 Model 142 Stepping 12, GenuineIntel



---------------  S Y S T E M  ---------------

OS: Windows 10.0 , 64 bit Build 22621 (10.0.22621.1928)

CPU:total 8 (initial active 8) (4 cores per cpu, 2 threads per core) family 6 model 142 stepping 12, cmov, cx8, fxsr, mmx, sse, sse2, sse3, ssse3, sse4.1, sse4.2, popcnt, avx, avx2, aes, clmul, erms, 3dnowpref, lzcnt, ht, tsc, tscinvbit, bmi1, bmi2, adx

Memory: 4k page, physical 8133464k(1082752k free), swap 27333332k(5908k free)

vm_info: OpenJDK 64-Bit Server VM (25.242-b08) for windows-amd64 JRE (1.8.0_242-b08), built on Jan 19 2020 14:45:52 by "jenkins" with MS VC++ 12.0 (VS2013)

time: Sat Jul 29 10:05:14 2023
timezone: E. Africa Standard Time
elapsed time: 244 seconds (0d 0h 4m 4s)

