#
# There is insufficient memory for the Java Runtime Environment to continue.
# Native memory allocation (malloc) failed to allocate 1848576 bytes for Chunk::new
# Possible reasons:
#   The system is out of physical RAM or swap space
#   The process is running with CompressedOops enabled, and the Java Heap may be blocking the growth of the native heap
# Possible solutions:
#   Reduce memory load on the system
#   Increase physical memory or swap space
#   Check if swap backing store is full
#   Decrease Java heap size (-Xmx/-Xms)
#   Decrease number of Java threads
#   Decrease Java thread stack sizes (-Xss)
#   Set larger code cache with -XX:ReservedCodeCacheSize=
#   JVM is running with Zero Based Compressed Oops mode in which the Java heap is
#     placed in the first 32GB address space. The Java Heap base address is the
#     maximum limit for the native heap growth. Please use -XX:HeapBaseMinAddress
#     to set the Java Heap base and to place the Java Heap above 32GB virtual address.
# This output file may be truncated or incomplete.
#
#  Out of Memory Error (allocation.cpp:389), pid=19208, tid=0x0000000000002bb8
#
# JRE version: OpenJDK Runtime Environment (8.0_242-b08) (build 1.8.0_242-b08)
# Java VM: OpenJDK 64-Bit Server VM (25.242-b08 mixed mode windows-amd64 compressed oops)
# Failed to write core dump. Minidumps are not enabled by default on client versions of Windows
#

---------------  T H R E A D  ---------------

Current thread (0x000000001d0a5000):  JavaThread "C2 CompilerThread0" daemon [_thread_in_native, id=11192, stack(0x000000001e990000,0x000000001ea90000)]

Stack: [0x000000001e990000,0x000000001ea90000]
[error occurred during error reporting (printing stack bounds), id 0xc0000005]

Native frames: (J=compiled Java code, j=interpreted, Vv=VM code, C=native code)


Current CompileTask:
C2:  13069 4163   !   4       org.apache.tools.ant.UnknownElement::handleChild (213 bytes)


---------------  P R O C E S S  ---------------

Java Threads: ( => current thread )
  0x000000002085e000 JavaThread "Thread-9" daemon [_thread_blocked, id=8408, stack(0x0000000021fa0000,0x00000000220a0000)]
  0x000000001f69d000 JavaThread "Thread-8" daemon [_thread_in_Java, id=17484, stack(0x0000000021da0000,0x0000000021ea0000)]
  0x0000000020135000 JavaThread "Thread-7" daemon [_thread_in_native, id=19160, stack(0x0000000021ca0000,0x0000000021da0000)]
  0x0000000020383800 JavaThread "Thread-6" daemon [_thread_in_native, id=5616, stack(0x0000000021ba0000,0x0000000021ca0000)]
  0x000000001f6a6000 JavaThread "Thread-5" daemon [_thread_in_native, id=13128, stack(0x0000000020c60000,0x0000000020d60000)]
  0x000000001ff94000 JavaThread "Thread-4" daemon [_thread_in_native, id=15740, stack(0x0000000021560000,0x0000000021660000)]
  0x00000000200a5000 JavaThread "Thread-3" daemon [_thread_blocked, id=7916, stack(0x0000000021460000,0x0000000021560000)]
  0x000000001fb73000 JavaThread "Thread-2" daemon [_thread_blocked, id=15340, stack(0x0000000020d60000,0x0000000020e60000)]
  0x000000001d0c1000 JavaThread "Service Thread" daemon [_thread_blocked, id=18640, stack(0x000000001f190000,0x000000001f290000)]
  0x000000001d0b2000 JavaThread "C1 CompilerThread3" daemon [_thread_in_vm, id=14504, stack(0x000000001ec90000,0x000000001ed90000)]
  0x000000001d0af800 JavaThread "C2 CompilerThread2" daemon [_thread_in_native, id=16556, stack(0x000000001eb90000,0x000000001ec90000)]
  0x000000001d0a7000 JavaThread "C2 CompilerThread1" daemon [_thread_in_native, id=13284, stack(0x000000001ea90000,0x000000001eb90000)]
=>0x000000001d0a5000 JavaThread "C2 CompilerThread0" daemon [_thread_in_native, id=11192, stack(0x000000001e990000,0x000000001ea90000)]
  0x000000001d0a3800 JavaThread "Attach Listener" daemon [_thread_blocked, id=16248, stack(0x000000001e890000,0x000000001e990000)]
  0x000000001d0a2800 JavaThread "Signal Dispatcher" daemon [_thread_blocked, id=4176, stack(0x000000001e790000,0x000000001e890000)]
  0x000000001d080000 JavaThread "Finalizer" daemon [_thread_blocked, id=7400, stack(0x000000001e560000,0x000000001e660000)]
  0x000000001c489000 JavaThread "Reference Handler" daemon [_thread_blocked, id=4560, stack(0x000000001e460000,0x000000001e560000)]
  0x0000000000cb4000 JavaThread "main" [_thread_in_native, id=4244, stack(0x0000000002b20000,0x0000000002c20000)]

Other Threads:
  0x000000001d052800 VMThread [stack: 0x000000001e360000,0x000000001e460000] [id=11808]
  0x000000001edc0800 WatcherThread [stack: 0x000000001f290000,0x000000001f390000] [id=5152]

VM state:not at safepoint (normal execution)

VM Mutex/Monitor currently owned by a thread: None

heap address: 0x00000006c3000000, size: 4048 MB, Compressed Oops mode: Zero based, Oop shift amount: 3
Narrow klass base: 0x0000000000000000, Narrow klass shift: 3
Compressed class space size: 1073741824 Address: 0x00000007c0000000

Heap:
 PSYoungGen      total 252928K, used 145416K [0x000000076bb00000, 0x000000077c500000, 0x00000007c0000000)
  eden space 233472K, 62% used [0x000000076bb00000,0x00000007749023d0,0x0000000779f00000)
  from space 19456K, 0% used [0x000000077b200000,0x000000077b200000,0x000000077c500000)
  to   space 19456K, 0% used [0x0000000779f00000,0x0000000779f00000,0x000000077b200000)
 ParOldGen       total 311296K, used 34292K [0x00000006c3000000, 0x00000006d6000000, 0x000000076bb00000)
  object space 311296K, 11% used [0x00000006c3000000,0x00000006c517d038,0x00000006d6000000)
 Metaspace       used 23853K, capacity 24752K, committed 24960K, reserved 1071104K
  class space    used 2696K, capacity 3081K, committed 3200K, reserved 1048576K

Card table byte_map: [0x0000000011fe0000,0x00000000127d0000] byte_map_base: 0x000000000e9c8000

Marking Bits: (ParMarkBitMap*) 0x000000005efc8030
 Begin Bits: [0x0000000013520000, 0x0000000017460000)
 End Bits:   [0x0000000017460000, 0x000000001b3a0000)

Polling page: 0x0000000002970000

CodeCache: size=245760Kb used=13877Kb max_used=13966Kb free=231882Kb
 bounds [0x0000000002c20000, 0x00000000039d0000, 0x0000000011c20000]
 total_blobs=4284 nmethods=3823 adapters=373
 compilation: enabled

Compilation events (10 events):
Event: 13.031 Thread 0x000000001d0b2000 4433   !   3       java.io.FilePermission::init (326 bytes)
Event: 13.033 Thread 0x000000001d0b2000 nmethod 4433 0x00000000034ed690 code [0x00000000034eda00, 0x00000000034ef968]
Event: 13.033 Thread 0x000000001d0b2000 4437       3       org.mozilla.javascript.IRFactory::transformFunctionCall (113 bytes)
Event: 13.035 Thread 0x000000001d0b2000 nmethod 4437 0x0000000003086250 code [0x00000000030864c0, 0x0000000003087568]
Event: 13.035 Thread 0x000000001d0b2000 4438  s    1       org.apache.tools.ant.RuntimeConfigurable::setProxy (11 bytes)
Event: 13.036 Thread 0x000000001d0b2000 nmethod 4438 0x0000000003080fd0 code [0x0000000003081120, 0x00000000030813b0]
Event: 13.036 Thread 0x000000001d0b2000 4434       3       java.io.FilePermission$1::<init> (10 bytes)
Event: 13.036 Thread 0x000000001d0b2000 nmethod 4434 0x0000000003331cd0 code [0x0000000003331e20, 0x0000000003331ff0]
Event: 13.036 Thread 0x000000001d0b2000 4435       3       java.io.FilePermission$1::run (5 bytes)
Event: 13.036 Thread 0x000000001d0b2000 nmethod 4435 0x0000000003090710 code [0x0000000003090880, 0x0000000003090a28]

GC Heap History (10 events):
Event: 7.763 GC heap before
{Heap before GC invocations=1 (full 0):
 PSYoungGen      total 136192K, used 116736K [0x000000076bb00000, 0x0000000775300000, 0x00000007c0000000)
  eden space 116736K, 100% used [0x000000076bb00000,0x0000000772d00000,0x0000000772d00000)
  from space 19456K, 0% used [0x0000000774000000,0x0000000774000000,0x0000000775300000)
  to   space 19456K, 0% used [0x0000000772d00000,0x0000000772d00000,0x0000000774000000)
 ParOldGen       total 311296K, used 0K [0x00000006c3000000, 0x00000006d6000000, 0x000000076bb00000)
  object space 311296K, 0% used [0x00000006c3000000,0x00000006c3000000,0x00000006d6000000)
 Metaspace       used 16265K, capacity 16560K, committed 16768K, reserved 1064960K
  class space    used 1808K, capacity 1896K, committed 1920K, reserved 1048576K
Event: 7.780 GC heap after
Heap after GC invocations=1 (full 0):
 PSYoungGen      total 136192K, used 12979K [0x000000076bb00000, 0x0000000775300000, 0x00000007c0000000)
  eden space 116736K, 0% used [0x000000076bb00000,0x000000076bb00000,0x0000000772d00000)
  from space 19456K, 66% used [0x0000000772d00000,0x00000007739acf98,0x0000000774000000)
  to   space 19456K, 0% used [0x0000000774000000,0x0000000774000000,0x0000000775300000)
 ParOldGen       total 311296K, used 88K [0x00000006c3000000, 0x00000006d6000000, 0x000000076bb00000)
  object space 311296K, 0% used [0x00000006c3000000,0x00000006c3016010,0x00000006d6000000)
 Metaspace       used 16265K, capacity 16560K, committed 16768K, reserved 1064960K
  class space    used 1808K, capacity 1896K, committed 1920K, reserved 1048576K
}
Event: 8.670 GC heap before
{Heap before GC invocations=2 (full 0):
 PSYoungGen      total 136192K, used 129715K [0x000000076bb00000, 0x0000000775300000, 0x00000007c0000000)
  eden space 116736K, 100% used [0x000000076bb00000,0x0000000772d00000,0x0000000772d00000)
  from space 19456K, 66% used [0x0000000772d00000,0x00000007739acf98,0x0000000774000000)
  to   space 19456K, 0% used [0x0000000774000000,0x0000000774000000,0x0000000775300000)
 ParOldGen       total 311296K, used 88K [0x00000006c3000000, 0x00000006d6000000, 0x000000076bb00000)
  object space 311296K, 0% used [0x00000006c3000000,0x00000006c3016010,0x00000006d6000000)
 Metaspace       used 16699K, capacity 16986K, committed 17024K, reserved 1064960K
  class space    used 1813K, capacity 1903K, committed 1920K, reserved 1048576K
Event: 8.698 GC heap after
Heap after GC invocations=2 (full 0):
 PSYoungGen      total 136192K, used 19441K [0x000000076bb00000, 0x000000077c500000, 0x00000007c0000000)
  eden space 116736K, 0% used [0x000000076bb00000,0x000000076bb00000,0x0000000772d00000)
  from space 19456K, 99% used [0x0000000774000000,0x00000007752fc790,0x0000000775300000)
  to   space 19456K, 0% used [0x0000000772d00000,0x0000000772d00000,0x0000000774000000)
 ParOldGen       total 311296K, used 1000K [0x00000006c3000000, 0x00000006d6000000, 0x000000076bb00000)
  object space 311296K, 0% used [0x00000006c3000000,0x00000006c30fa338,0x00000006d6000000)
 Metaspace       used 16699K, capacity 16986K, committed 17024K, reserved 1064960K
  class space    used 1813K, capacity 1903K, committed 1920K, reserved 1048576K
}
Event: 9.591 GC heap before
{Heap before GC invocations=3 (full 0):
 PSYoungGen      total 136192K, used 136177K [0x000000076bb00000, 0x000000077c500000, 0x00000007c0000000)
  eden space 116736K, 100% used [0x000000076bb00000,0x0000000772d00000,0x0000000772d00000)
  from space 19456K, 99% used [0x0000000774000000,0x00000007752fc790,0x0000000775300000)
  to   space 19456K, 0% used [0x0000000772d00000,0x0000000772d00000,0x0000000774000000)
 ParOldGen       total 311296K, used 1000K [0x00000006c3000000, 0x00000006d6000000, 0x000000076bb00000)
  object space 311296K, 0% used [0x00000006c3000000,0x00000006c30fa338,0x00000006d6000000)
 Metaspace       used 16970K, capacity 17226K, committed 17280K, reserved 1064960K
  class space    used 1818K, capacity 1911K, committed 1920K, reserved 1048576K
Event: 9.626 GC heap after
Heap after GC invocations=3 (full 0):
 PSYoungGen      total 136192K, used 19432K [0x000000076bb00000, 0x000000077c500000, 0x00000007c0000000)
  eden space 116736K, 0% used [0x000000076bb00000,0x000000076bb00000,0x0000000772d00000)
  from space 19456K, 99% used [0x0000000772d00000,0x0000000773ffa3c0,0x0000000774000000)
  to   space 19456K, 0% used [0x000000077b200000,0x000000077b200000,0x000000077c500000)
 ParOldGen       total 311296K, used 11235K [0x00000006c3000000, 0x00000006d6000000, 0x000000076bb00000)
  object space 311296K, 3% used [0x00000006c3000000,0x00000006c3af8c88,0x00000006d6000000)
 Metaspace       used 16970K, capacity 17226K, committed 17280K, reserved 1064960K
  class space    used 1818K, capacity 1911K, committed 1920K, reserved 1048576K
}
Event: 10.632 GC heap before
{Heap before GC invocations=4 (full 0):
 PSYoungGen      total 136192K, used 47542K [0x000000076bb00000, 0x000000077c500000, 0x00000007c0000000)
  eden space 116736K, 24% used [0x000000076bb00000,0x000000076d673768,0x0000000772d00000)
  from space 19456K, 99% used [0x0000000772d00000,0x0000000773ffa3c0,0x0000000774000000)
  to   space 19456K, 0% used [0x000000077b200000,0x000000077b200000,0x000000077c500000)
 ParOldGen       total 311296K, used 11235K [0x00000006c3000000, 0x00000006d6000000, 0x000000076bb00000)
  object space 311296K, 3% used [0x00000006c3000000,0x00000006c3af8c88,0x00000006d6000000)
 Metaspace       used 20553K, capacity 21116K, committed 21296K, reserved 1069056K
  class space    used 2313K, capacity 2562K, committed 2688K, reserved 1048576K
Event: 10.663 GC heap after
Heap after GC invocations=4 (full 0):
 PSYoungGen      total 252928K, used 19450K [0x000000076bb00000, 0x000000077c500000, 0x00000007c0000000)
  eden space 233472K, 0% used [0x000000076bb00000,0x000000076bb00000,0x0000000779f00000)
  from space 19456K, 99% used [0x000000077b200000,0x000000077c4fe990,0x000000077c500000)
  to   space 19456K, 0% used [0x0000000779f00000,0x0000000779f00000,0x000000077b200000)
 ParOldGen       total 311296K, used 16378K [0x00000006c3000000, 0x00000006d6000000, 0x000000076bb00000)
  object space 311296K, 5% used [0x00000006c3000000,0x00000006c3ffe9b0,0x00000006d6000000)
 Metaspace       used 20553K, capacity 21116K, committed 21296K, reserved 1069056K
  class space    used 2313K, capacity 2562K, committed 2688K, reserved 1048576K
}
Event: 10.663 GC heap before
{Heap before GC invocations=5 (full 1):
 PSYoungGen      total 252928K, used 19450K [0x000000076bb00000, 0x000000077c500000, 0x00000007c0000000)
  eden space 233472K, 0% used [0x000000076bb00000,0x000000076bb00000,0x0000000779f00000)
  from space 19456K, 99% used [0x000000077b200000,0x000000077c4fe990,0x000000077c500000)
  to   space 19456K, 0% used [0x0000000779f00000,0x0000000779f00000,0x000000077b200000)
 ParOldGen       total 311296K, used 16378K [0x00000006c3000000, 0x00000006d6000000, 0x000000076bb00000)
  object space 311296K, 5% used [0x00000006c3000000,0x00000006c3ffe9b0,0x00000006d6000000)
 Metaspace       used 20553K, capacity 21116K, committed 21296K, reserved 1069056K
  class space    used 2313K, capacity 2562K, committed 2688K, reserved 1048576K
Event: 10.893 GC heap after
Heap after GC invocations=5 (full 1):
 PSYoungGen      total 252928K, used 0K [0x000000076bb00000, 0x000000077c500000, 0x00000007c0000000)
  eden space 233472K, 0% used [0x000000076bb00000,0x000000076bb00000,0x0000000779f00000)
  from space 19456K, 0% used [0x000000077b200000,0x000000077b200000,0x000000077c500000)
  to   space 19456K, 0% used [0x0000000779f00000,0x0000000779f00000,0x000000077b200000)
 ParOldGen       total 311296K, used 34292K [0x00000006c3000000, 0x00000006d6000000, 0x000000076bb00000)
  object space 311296K, 11% used [0x00000006c3000000,0x00000006c517d038,0x00000006d6000000)
 Metaspace       used 20553K, capacity 21116K, committed 21296K, reserved 1069056K
  class space    used 2313K, capacity 2562K, committed 2688K, reserved 1048576K
}

Deoptimization events (10 events):
Event: 12.133 Thread 0x0000000000cb4000 Uncommon trap: reason=bimorphic action=maybe_recompile pc=0x00000000038da26c method=org.apache.tools.ant.UnknownElement.handleChildren(Ljava/lang/Object;Lorg/apache/tools/ant/RuntimeConfigurable;)V @ 140
Event: 12.147 Thread 0x0000000000cb4000 Uncommon trap: reason=bimorphic action=maybe_recompile pc=0x00000000038da26c method=org.apache.tools.ant.UnknownElement.handleChildren(Ljava/lang/Object;Lorg/apache/tools/ant/RuntimeConfigurable;)V @ 140
Event: 12.158 Thread 0x0000000000cb4000 Uncommon trap: reason=bimorphic action=maybe_recompile pc=0x00000000038da26c method=org.apache.tools.ant.UnknownElement.handleChildren(Ljava/lang/Object;Lorg/apache/tools/ant/RuntimeConfigurable;)V @ 140
Event: 12.170 Thread 0x0000000000cb4000 Uncommon trap: reason=bimorphic action=maybe_recompile pc=0x00000000038da26c method=org.apache.tools.ant.UnknownElement.handleChildren(Ljava/lang/Object;Lorg/apache/tools/ant/RuntimeConfigurable;)V @ 140
Event: 12.194 Thread 0x0000000000cb4000 Uncommon trap: reason=class_check action=maybe_recompile pc=0x00000000039078a0 method=org.apache.tools.ant.AntTypeDefinition.innerGetTypeClass()Ljava/lang/Class; @ 42
Event: 12.210 Thread 0x0000000000cb4000 Uncommon trap: reason=bimorphic action=maybe_recompile pc=0x000000000354765c method=java.util.concurrent.ConcurrentHashMap.get(Ljava/lang/Object;)Ljava/lang/Object; @ 149
Event: 12.232 Thread 0x0000000000cb4000 Uncommon trap: reason=bimorphic action=maybe_recompile pc=0x00000000034dcb98 method=java.util.HashMap.removeNode(ILjava/lang/Object;Ljava/lang/Object;ZZ)Ljava/util/HashMap$Node; @ 68
Event: 12.233 Thread 0x0000000000cb4000 Uncommon trap: reason=bimorphic action=maybe_recompile pc=0x00000000034dcb98 method=java.util.HashMap.removeNode(ILjava/lang/Object;Ljava/lang/Object;ZZ)Ljava/util/HashMap$Node; @ 68
Event: 12.245 Thread 0x0000000000cb4000 Uncommon trap: reason=unstable_if action=reinterpret pc=0x000000000379d530 method=jdk.internal.org.objectweb.asm.Frame.merge(Ljdk/internal/org/objectweb/asm/ClassWriter;I[II)Z @ 80
Event: 12.425 Thread 0x0000000000cb4000 Uncommon trap: reason=unstable_if action=reinterpret pc=0x0000000002e39490 method=java.util.regex.Pattern$CharProperty.match(Ljava/util/regex/Matcher;ILjava/lang/CharSequence;)Z @ 40

Classes redefined (0 events):
No events

Internal exceptions (10 events):
Event: 12.795 Thread 0x000000002085e000 Exception <a 'java/security/PrivilegedActionException'> (0x00000007716e7aa0) thrown at [C:\cygwin64\tmp\openjdk-jdk8u-windows-x64-hotspot\workspace\build\src\hotspot\src\share\vm\prims\jvm.cpp, line 1502]
Event: 12.795 Thread 0x000000002085e000 Exception <a 'java/security/PrivilegedActionException'> (0x00000007716e7e98) thrown at [C:\cygwin64\tmp\openjdk-jdk8u-windows-x64-hotspot\workspace\build\src\hotspot\src\share\vm\prims\jvm.cpp, line 1502]
Event: 12.943 Thread 0x0000000020383800 Exception <a 'java/security/PrivilegedActionException'> (0x00000007728f13b0) thrown at [C:\cygwin64\tmp\openjdk-jdk8u-windows-x64-hotspot\workspace\build\src\hotspot\src\share\vm\prims\jvm.cpp, line 1502]
Event: 12.943 Thread 0x0000000020383800 Exception <a 'java/security/PrivilegedActionException'> (0x00000007728f17a8) thrown at [C:\cygwin64\tmp\openjdk-jdk8u-windows-x64-hotspot\workspace\build\src\hotspot\src\share\vm\prims\jvm.cpp, line 1502]
Event: 12.986 Thread 0x0000000020135000 Exception <a 'java/security/PrivilegedActionException'> (0x00000007730c7930) thrown at [C:\cygwin64\tmp\openjdk-jdk8u-windows-x64-hotspot\workspace\build\src\hotspot\src\share\vm\prims\jvm.cpp, line 1502]
Event: 12.986 Thread 0x0000000020135000 Exception <a 'java/security/PrivilegedActionException'> (0x00000007730c7d28) thrown at [C:\cygwin64\tmp\openjdk-jdk8u-windows-x64-hotspot\workspace\build\src\hotspot\src\share\vm\prims\jvm.cpp, line 1502]
Event: 12.989 Thread 0x000000001ff94000 Exception <a 'java/security/PrivilegedActionException'> (0x00000007733495b0) thrown at [C:\cygwin64\tmp\openjdk-jdk8u-windows-x64-hotspot\workspace\build\src\hotspot\src\share\vm\prims\jvm.cpp, line 1502]
Event: 12.989 Thread 0x000000001ff94000 Exception <a 'java/security/PrivilegedActionException'> (0x00000007733499a8) thrown at [C:\cygwin64\tmp\openjdk-jdk8u-windows-x64-hotspot\workspace\build\src\hotspot\src\share\vm\prims\jvm.cpp, line 1502]
Event: 13.018 Thread 0x000000001f6a6000 Exception <a 'java/security/PrivilegedActionException'> (0x0000000773d33880) thrown at [C:\cygwin64\tmp\openjdk-jdk8u-windows-x64-hotspot\workspace\build\src\hotspot\src\share\vm\prims\jvm.cpp, line 1502]
Event: 13.018 Thread 0x000000001f6a6000 Exception <a 'java/security/PrivilegedActionException'> (0x0000000773d33c78) thrown at [C:\cygwin64\tmp\openjdk-jdk8u-windows-x64-hotspot\workspace\build\src\hotspot\src\share\vm\prims\jvm.cpp, line 1502]

Events (10 events):
Event: 13.045 loading class com
Event: 13.045 loading class com done
Event: 13.045 loading class edu
Event: 13.045 loading class edu done
Event: 13.045 loading class net
Event: 13.045 loading class net done
Event: 13.046 loading class java/lang/console
Event: 13.047 loading class java/lang/console done
Event: 13.047 loading class java/lang/window
Event: 13.047 loading class java/lang/window done


Dynamic libraries:
0x00007ff767330000 - 0x00007ff7673a2000 	C:\Users\SoftClansTech\bin\Sencha\Cmd\7.6.0.87\sencha.exe
0x00007ff9bbd10000 - 0x00007ff9bbf27000 	C:\WINDOWS\SYSTEM32\ntdll.dll
0x00007ff9ba360000 - 0x00007ff9ba424000 	C:\WINDOWS\System32\KERNEL32.DLL
0x00007ff9b9580000 - 0x00007ff9b9926000 	C:\WINDOWS\System32\KERNELBASE.dll
0x00007ff9b9e50000 - 0x00007ff9b9ffe000 	C:\WINDOWS\System32\USER32.dll
0x00007ff9b9550000 - 0x00007ff9b9576000 	C:\WINDOWS\System32\win32u.dll
0x00007ff9baac0000 - 0x00007ff9baae9000 	C:\WINDOWS\System32\GDI32.dll
0x00007ff9b9380000 - 0x00007ff9b9498000 	C:\WINDOWS\System32\gdi32full.dll
0x00007ff9b91c0000 - 0x00007ff9b925a000 	C:\WINDOWS\System32\msvcp_win.dll
0x00007ff9b9260000 - 0x00007ff9b9371000 	C:\WINDOWS\System32\ucrtbase.dll
0x00007ff9ba0b0000 - 0x00007ff9ba163000 	C:\WINDOWS\System32\ADVAPI32.dll
0x00007ff9ba000000 - 0x00007ff9ba0a7000 	C:\WINDOWS\System32\msvcrt.dll
0x00007ff9ba270000 - 0x00007ff9ba318000 	C:\WINDOWS\System32\sechost.dll
0x00007ff9b9520000 - 0x00007ff9b9548000 	C:\WINDOWS\System32\bcrypt.dll
0x00007ff9ba4b0000 - 0x00007ff9ba5c7000 	C:\WINDOWS\System32\RPCRT4.dll
0x00007ff9ba5d0000 - 0x00007ff9ba770000 	C:\WINDOWS\System32\ole32.dll
0x00007ff9b9a60000 - 0x00007ff9b9de9000 	C:\WINDOWS\System32\combase.dll
0x00007ff9b9e10000 - 0x00007ff9b9e41000 	C:\WINDOWS\System32\IMM32.DLL
0x00007ff9a50c0000 - 0x00007ff9a5353000 	C:\WINDOWS\WinSxS\amd64_microsoft.windows.common-controls_6595b64144ccf1df_6.0.22621.2506_none_270c5ae97388e100\comctl32.dll
0x000000005e840000 - 0x000000005f041000 	c:\users\softclanstech\bin\sencha\cmd\7.6.0.87\jre\bin\server\jvm.dll
0x00007ff9ba350000 - 0x00007ff9ba358000 	C:\WINDOWS\System32\PSAPI.DLL
0x00007ff9ad8d0000 - 0x00007ff9ad904000 	C:\WINDOWS\SYSTEM32\WINMM.dll
0x00007ff9a72c0000 - 0x00007ff9a72ca000 	C:\WINDOWS\SYSTEM32\VERSION.dll
0x00007ff994410000 - 0x00007ff994419000 	C:\WINDOWS\SYSTEM32\WSOCK32.dll
0x00007ff9ba770000 - 0x00007ff9ba7e1000 	C:\WINDOWS\System32\WS2_32.dll
0x00007ff99d980000 - 0x00007ff99da6f000 	C:\WINDOWS\SYSTEM32\MSVCR120.dll
0x00007ff9b0ba0000 - 0x00007ff9b0baf000 	c:\users\softclanstech\bin\sencha\cmd\7.6.0.87\jre\bin\verify.dll
0x00007ff99d950000 - 0x00007ff99d978000 	c:\users\softclanstech\bin\sencha\cmd\7.6.0.87\jre\bin\java.dll
0x00007ff9ad240000 - 0x00007ff9ad256000 	c:\users\softclanstech\bin\sencha\cmd\7.6.0.87\jre\bin\zip.dll
0x00007ff9bad60000 - 0x00007ff9bb5bb000 	C:\WINDOWS\System32\SHELL32.dll
0x00007ff9b6fb0000 - 0x00007ff9b78a6000 	C:\WINDOWS\SYSTEM32\windows.storage.dll
0x00007ff9b6e70000 - 0x00007ff9b6fae000 	C:\WINDOWS\SYSTEM32\wintypes.dll
0x00007ff9ba170000 - 0x00007ff9ba263000 	C:\WINDOWS\System32\SHCORE.dll
0x00007ff9bb7f0000 - 0x00007ff9bb84e000 	C:\WINDOWS\System32\shlwapi.dll
0x00007ff9b8f80000 - 0x00007ff9b8fa6000 	C:\WINDOWS\SYSTEM32\profapi.dll
0x0000000180000000 - 0x0000000180032000 	C:\Users\SoftClansTech\bin\Sencha\Cmd\7.6.0.87\.install4j\i4jinst.dll
0x00007ff9ba9e0000 - 0x00007ff9baab7000 	C:\WINDOWS\System32\OLEAUT32.dll
0x00007ff9b0b90000 - 0x00007ff9b0b9d000 	C:\Users\SoftClansTech\bin\Sencha\Cmd\7.6.0.87\jre\bin\management.dll
0x00007ff9a15f0000 - 0x00007ff9a15f9000 	C:\Users\SoftClansTech\AppData\Local\Temp\jansi-64-1.9.dll
0x000000005e790000 - 0x000000005e833000 	C:\WINDOWS\WinSxS\amd64_microsoft.vc90.crt_1fc8b3b9a1e18e3b_9.0.30729.9635_none_08e2c157a83ed5da\MSVCR90.dll
0x00007ff99d930000 - 0x00007ff99d94a000 	C:\Users\SoftClansTech\bin\Sencha\Cmd\7.6.0.87\jre\bin\net.dll
0x00007ff9b8580000 - 0x00007ff9b85e9000 	C:\WINDOWS\system32\mswsock.dll
0x00007ff99d560000 - 0x00007ff99d572000 	C:\Users\SoftClansTech\bin\Sencha\Cmd\7.6.0.87\jre\bin\nio.dll
0x00007ff9b7b80000 - 0x00007ff9b7c79000 	C:\WINDOWS\SYSTEM32\DNSAPI.dll
0x00007ff9b7b10000 - 0x00007ff9b7b3d000 	C:\WINDOWS\SYSTEM32\IPHLPAPI.DLL
0x00007ff9bb5c0000 - 0x00007ff9bb5c9000 	C:\WINDOWS\System32\NSI.dll
0x00007ff9ab520000 - 0x00007ff9ab52a000 	C:\Windows\System32\rasadhlp.dll
0x00007ff9ab490000 - 0x00007ff9ab513000 	C:\WINDOWS\System32\fwpuclnt.dll

VM Arguments:
jvm_args: -Dexe4j.semaphoreName=Local\c:_users_softclanstech_bin_sencha_cmd_7.6.0.87_sencha.exe0 -Dexe4j.isInstall4j=true -Dexe4j.moduleName=C:\Users\SoftClansTech\bin\Sencha\Cmd\7.6.0.87\sencha.exe -Dexe4j.tempDir= -Dexe4j.unextractedPosition=0 -Djava.library.path=c:\users\softclanstech\bin\sencha\cmd\7.6.0.87\jre\bin;C:\Program Files\Microsoft\jdk-11.0.16.101-hotspot\bin;C:\Windows\system32;C:\Windows;C:\Windows\System32\Wbem;C:\Windows\System32\WindowsPowerShell\v1.0\;C:\Windows\System32\OpenSSH\;C:\Program Files (x86)\AOMEI\AOMEI Backupper\6.9.2;C:\Program Files\Git\cmd;C:\ProgramData\ComposerSetup\bin;C:\Program Files\Microsoft SQL Server\150\Tools\Binn\;C:\Program Files\dotnet\;C:\Program Files\nodejs\;C:\ProgramData\Microsoft\Windows\Start Menu\Programs\Node.js;C:\WINDOWS\system32;C:\WINDOWS;C:\WINDOWS\System32\Wbem;C:\WINDOWS\System32\WindowsPowerShell\v1.0\;C:\WINDOWS\System32\OpenSSH\;C:\xampp3\php;C:\Program Files\TortoiseGit\bin;C:\Program Files (x86)\Sublime Text 3;C:\Program Files\OpenSSL-Win64\bin;C:\Users\SoftClansTech\AppData\Local\Programs\Python\Python312;C:\Users\SoftClansTech\AppData\Local\Programs\Python\Launcher\;C:\Users\SoftClansTech\bin\Sencha\Cmd;C:\Program Files\MySQL\MySQL Shell 8.0\bin\;C:\Users\SoftClansTech\AppData\Local\Microsoft\WindowsApps;C:\Users\SoftClansTech\AppData\Local\GitHubDesktop\bin;C:\Users\SoftClansTech\AppData\Roaming\Composer\vendor\bin;C:\ProgramData\ComposerSetup\bin;C:\Program Files\Sublime Text;C:\Users\SoftClansTech\bin\Sencha\Cmd\6.6.0.13\legacy\3.1.1.274\templates\repo\{senchadir}\repo\remotes;C:\Users\SoftClansTech\bin\Sencha\Cmd\6.6.0.13;C:\Users\SoftClansTech\AppData\Roaming\npm;C:\ProgramData\Microsoft\Windows\Start Menu\Programs\Node.js;C:\Program Files (x86)\Sublime Text 3;C:\Program Files\OpenSSL-Win64\bin;C:\Users\SoftClansTech\AppData\Local\Programs\Python\Python312; -Dexe4j.consoleCodepage=cp437 -Dapple.awt.UIElement=true -Dinstall4j.launcherId=159 -Dinstall4j.swt=false -Xms256m -Xmx2048m -Dapple.awt.UIElement=true -Xms456m -Xmx4048m -Dawt.useSystemAAFontSettings=lcd 
java_command: C:\Users\SoftClansTech\bin\Sencha\Cmd\7.6.0.87\sencha.exe
java_class_path (initial): C:\Users\SoftClansTech\bin\Sencha\Cmd\7.6.0.87\.install4j\i4jruntime.jar;C:\Users\SoftClansTech\bin\Sencha\Cmd\7.6.0.87\.\sencha.jar
Launcher Type: generic

Environment Variables:
_JAVA_OPTIONS=-Xms456m -Xmx4048m -Dawt.useSystemAAFontSettings=lcd
PATH=c:\users\softclanstech\bin\sencha\cmd\7.6.0.87\jre\bin;C:\Program Files\Microsoft\jdk-11.0.16.101-hotspot\bin;C:\Windows\system32;C:\Windows;C:\Windows\System32\Wbem;C:\Windows\System32\WindowsPowerShell\v1.0\;C:\Windows\System32\OpenSSH\;C:\Program Files (x86)\AOMEI\AOMEI Backupper\6.9.2;C:\Program Files\Git\cmd;C:\ProgramData\ComposerSetup\bin;C:\Program Files\Microsoft SQL Server\150\Tools\Binn\;C:\Program Files\dotnet\;C:\Program Files\nodejs\;C:\ProgramData\Microsoft\Windows\Start Menu\Programs\Node.js;C:\WINDOWS\system32;C:\WINDOWS;C:\WINDOWS\System32\Wbem;C:\WINDOWS\System32\WindowsPowerShell\v1.0\;C:\WINDOWS\System32\OpenSSH\;C:\xampp3\php;C:\Program Files\TortoiseGit\bin;C:\Program Files (x86)\Sublime Text 3;C:\Program Files\OpenSSL-Win64\bin;C:\Users\SoftClansTech\AppData\Local\Programs\Python\Python312;C:\Users\SoftClansTech\AppData\Local\Programs\Python\Launcher\;C:\Users\SoftClansTech\bin\Sencha\Cmd;C:\Program Files\MySQL\MySQL Shell 8.0\bin\;C:\Users\SoftClansTech\AppData\Local\Microsoft\WindowsApps;C:\Users\SoftClansTech\AppData\Local\GitHubDesktop\bin;C:\Users\SoftClansTech\AppData\Roaming\Composer\vendor\bin;C:\ProgramData\ComposerSetup\bin;C:\Program Files\Sublime Text;C:\Users\SoftClansTech\bin\Sencha\Cmd\6.6.0.13\legacy\3.1.1.274\templates\repo\{senchadir}\repo\remotes;C:\Users\SoftClansTech\bin\Sencha\Cmd\6.6.0.13;C:\Users\SoftClansTech\AppData\Roaming\npm;C:\ProgramData\Microsoft\Windows\Start Menu\Programs\Node.js;C:\Program Files (x86)\Sublime Text 3;C:\Program Files\OpenSSL-Win64\bin;C:\Users\SoftClansTech\AppData\Local\Programs\Python\Python312;
USERNAME=SoftClansTech
OS=Windows_NT
PROCESSOR_IDENTIFIER=Intel64 Family 6 Model 142 Stepping 12, GenuineIntel



---------------  S Y S T E M  ---------------

OS: Windows 10.0 , 64 bit Build 22621 (10.0.22621.3085)

CPU:total 8 (initial active 8) (4 cores per cpu, 2 threads per core) family 6 model 142 stepping 12, cmov, cx8, fxsr, mmx, sse, sse2, sse3, ssse3, sse4.1, sse4.2, popcnt, avx, avx2, aes, clmul, erms, 3dnowpref, lzcnt, ht, tsc, tscinvbit, bmi1, bmi2, adx

Memory: 4k page, physical 8137272k(1480252k free), swap 11025600k(5992k free)

vm_info: OpenJDK 64-Bit Server VM (25.242-b08) for windows-amd64 JRE (1.8.0_242-b08), built on Jan 19 2020 14:45:52 by "jenkins" with MS VC++ 12.0 (VS2013)

time: Sun Feb 25 22:54:39 2024
timezone: E. Africa Standard Time
elapsed time: 13 seconds (0d 0h 0m 13s)

