#
# There is insufficient memory for the Java Runtime Environment to continue.
# Native memory allocation (malloc) failed to allocate 2141456 bytes for Chunk::new
# Possible reasons:
#   The system is out of physical RAM or swap space
#   The process is running with CompressedOops enabled, and the Java Heap may be blocking the growth of the native heap
# Possible solutions:
#   Reduce memory load on the system
#   Increase physical memory or swap space
#   Check if swap backing store is full
#   Decrease Java heap size (-Xmx/-Xms)
#   Decrease number of Java threads
#   Decrease Java thread stack sizes (-Xss)
#   Set larger code cache with -XX:ReservedCodeCacheSize=
#   JVM is running with Zero Based Compressed Oops mode in which the Java heap is
#     placed in the first 32GB address space. The Java Heap base address is the
#     maximum limit for the native heap growth. Please use -XX:HeapBaseMinAddress
#     to set the Java Heap base and to place the Java Heap above 32GB virtual address.
# This output file may be truncated or incomplete.
#
#  Out of Memory Error (allocation.cpp:389), pid=21424, tid=0x000000000000520c
#
# JRE version: OpenJDK Runtime Environment (8.0_242-b08) (build 1.8.0_242-b08)
# Java VM: OpenJDK 64-Bit Server VM (25.242-b08 mixed mode windows-amd64 compressed oops)
# Failed to write core dump. Minidumps are not enabled by default on client versions of Windows
#

---------------  T H R E A D  ---------------

Current thread (0x0000000026a0c800):  JavaThread "C2 CompilerThread2" daemon [_thread_in_native, id=21004, stack(0x00000000284c0000,0x00000000285c0000)]

Stack: [0x00000000284c0000,0x00000000285c0000]
[error occurred during error reporting (printing stack bounds), id 0xc0000005]

Native frames: (J=compiled Java code, j=interpreted, Vv=VM code, C=native code)


Current CompileTask:
C2: 149211 9293       4       java.net.URLClassLoader$1::run (5 bytes)


---------------  P R O C E S S  ---------------

Java Threads: ( => current thread )
  0x0000000029b13000 JavaThread "Thread-9" daemon [_thread_blocked, id=9260, stack(0x000000002b240000,0x000000002b340000)]
  0x0000000029b62800 JavaThread "Thread-8" daemon [_thread_blocked, id=7232, stack(0x000000002b140000,0x000000002b240000)]
  0x0000000029158800 JavaThread "Thread-7" daemon [_thread_blocked, id=9988, stack(0x000000002b040000,0x000000002b140000)]
  0x00000000299e2800 JavaThread "Thread-6" daemon [_thread_blocked, id=21036, stack(0x000000002af40000,0x000000002b040000)]
  0x000000002994c000 JavaThread "Thread-5" daemon [_thread_blocked, id=18976, stack(0x000000002a540000,0x000000002a640000)]
  0x0000000029c5c000 JavaThread "Thread-4" daemon [_thread_blocked, id=19036, stack(0x000000002ae40000,0x000000002af40000)]
  0x0000000029926000 JavaThread "Thread-3" daemon [_thread_blocked, id=19000, stack(0x000000002ad40000,0x000000002ae40000)]
  0x0000000029345800 JavaThread "Thread-2" daemon [_thread_blocked, id=316, stack(0x000000002a640000,0x000000002a740000)]
  0x0000000026a33800 JavaThread "Service Thread" daemon [_thread_blocked, id=20236, stack(0x00000000286c0000,0x00000000287c0000)]
  0x0000000026a0f000 JavaThread "C1 CompilerThread3" daemon [_thread_in_native, id=15452, stack(0x00000000285c0000,0x00000000286c0000)]
=>0x0000000026a0c800 JavaThread "C2 CompilerThread2" daemon [_thread_in_native, id=21004, stack(0x00000000284c0000,0x00000000285c0000)]
  0x0000000026a08800 JavaThread "C2 CompilerThread1" daemon [_thread_in_native, id=9076, stack(0x00000000283c0000,0x00000000284c0000)]
  0x0000000026a02000 JavaThread "C2 CompilerThread0" daemon [_thread_in_native, id=9632, stack(0x00000000282c0000,0x00000000283c0000)]
  0x00000000269fc000 JavaThread "Attach Listener" daemon [_thread_blocked, id=11276, stack(0x00000000281c0000,0x00000000282c0000)]
  0x00000000269f8000 JavaThread "Signal Dispatcher" daemon [_thread_blocked, id=9164, stack(0x00000000280c0000,0x00000000281c0000)]
  0x0000000025dcc800 JavaThread "Finalizer" daemon [_thread_blocked, id=3444, stack(0x0000000027eb0000,0x0000000027fb0000)]
  0x0000000025dc9000 JavaThread "Reference Handler" daemon [_thread_blocked, id=22432, stack(0x0000000027db0000,0x0000000027eb0000)]
  0x00000000014a4000 JavaThread "main" [_thread_in_Java, id=7448, stack(0x00000000031f0000,0x00000000032f0000)]

Other Threads:
  0x00000000269a3000 VMThread [stack: 0x0000000027cb0000,0x0000000027db0000] [id=20388]
  0x0000000026a34000 WatcherThread [stack: 0x00000000287c0000,0x00000000288c0000] [id=9336]

VM state:not at safepoint (normal execution)

VM Mutex/Monitor currently owned by a thread: None

heap address: 0x00000005c9000000, size: 8048 MB, Compressed Oops mode: Zero based, Oop shift amount: 3
Narrow klass base: 0x0000000000000000, Narrow klass shift: 3
Compressed class space size: 1073741824 Address: 0x00000007c0000000

Heap:
 PSYoungGen      total 1603584K, used 35289K [0x0000000718580000, 0x000000078f800000, 0x00000007c0000000)
  eden space 1332736K, 2% used [0x0000000718580000,0x000000071a7f6540,0x0000000769b00000)
  from space 270848K, 0% used [0x000000077ef80000,0x000000077ef80000,0x000000078f800000)
  to   space 309760K, 0% used [0x0000000769b00000,0x0000000769b00000,0x000000077c980000)
 ParOldGen       total 2747392K, used 1476642K [0x00000005c9000000, 0x0000000670b00000, 0x0000000718580000)
  object space 2747392K, 53% used [0x00000005c9000000,0x0000000623208b58,0x0000000670b00000)
 Metaspace       used 35057K, capacity 36634K, committed 36904K, reserved 1081344K
  class space    used 3858K, capacity 4370K, committed 4392K, reserved 1048576K

Card table byte_map: [0x00000000126b0000,0x0000000013670000] byte_map_base: 0x000000000f868000

Marking Bits: (ParMarkBitMap*) 0x000000006f7c8030
 Begin Bits: [0x00000000148f0000, 0x000000001c6b0000)
 End Bits:   [0x000000001c6b0000, 0x0000000024470000)

Polling page: 0x0000000003060000

CodeCache: size=245760Kb used=29931Kb max_used=31013Kb free=215828Kb
 bounds [0x00000000032f0000, 0x0000000005180000, 0x00000000122f0000]
 total_blobs=7378 nmethods=6896 adapters=393
 compilation: enabled

Compilation events (10 events):
Event: 149.205 Thread 0x0000000026a02000 9439       4       com.google.javascript.jscomp.jarjar.com.google.common.base.Preconditions::checkState (25 bytes)
Event: 149.205 Thread 0x0000000026a0f000 9440       1       com.google.javascript.jscomp.AbstractScope::getRootNode (5 bytes)
Event: 149.206 Thread 0x0000000026a0f000 nmethod 9440 0x0000000004d3e110 code [0x0000000004d3e260, 0x0000000004d3e370]
Event: 149.206 Thread 0x0000000026a02000 nmethod 9439 0x0000000003ca1c50 code [0x0000000003ca1d80, 0x0000000003ca1dd8]
Event: 149.206 Thread 0x0000000026a02000 9441       4       com.google.javascript.rhino.Node::isBlock (16 bytes)
Event: 149.206 Thread 0x0000000026a0f000 9443       3       com.google.javascript.jscomp.SyntacticScopeCreator$ScopeScanner::scanVars (521 bytes)
Event: 149.206 Thread 0x0000000026a02000 nmethod 9441 0x0000000003cffe90 code [0x0000000003cfffc0, 0x0000000003d00038]
Event: 149.206 Thread 0x0000000026a02000 9442       4       com.google.javascript.rhino.Node::isCall (16 bytes)
Event: 149.206 Thread 0x0000000026a02000 nmethod 9442 0x00000000043ec790 code [0x00000000043ec8c0, 0x00000000043ec938]
Event: 149.207 Thread 0x0000000026a02000 9453       4       com.google.javascript.rhino.Node::isExprResult (16 bytes)

GC Heap History (10 events):
Event: 131.422 GC heap before
{Heap before GC invocations=32 (full 1):
 PSYoungGen      total 1603584K, used 1352224K [0x0000000718580000, 0x000000078f800000, 0x00000007c0000000)
  eden space 1332736K, 100% used [0x0000000718580000,0x0000000769b00000,0x0000000769b00000)
  from space 270848K, 7% used [0x000000077ef80000,0x0000000780288000,0x000000078f800000)
  to   space 309760K, 0% used [0x0000000769b00000,0x0000000769b00000,0x000000077c980000)
 ParOldGen       total 2747392K, used 1266807K [0x00000005c9000000, 0x0000000670b00000, 0x0000000718580000)
  object space 2747392K, 46% used [0x00000005c9000000,0x000000061651df78,0x0000000670b00000)
 Metaspace       used 27434K, capacity 28486K, committed 28720K, reserved 1075200K
  class space    used 3098K, capacity 3512K, committed 3632K, reserved 1048576K
Event: 131.533 GC heap after
Heap after GC invocations=32 (full 1):
 PSYoungGen      total 1642496K, used 71194K [0x0000000718580000, 0x000000078f800000, 0x00000007c0000000)
  eden space 1332736K, 0% used [0x0000000718580000,0x0000000718580000,0x0000000769b00000)
  from space 309760K, 22% used [0x0000000769b00000,0x000000076e086a48,0x000000077c980000)
  to   space 270848K, 0% used [0x000000077ef80000,0x000000077ef80000,0x000000078f800000)
 ParOldGen       total 2747392K, used 1285687K [0x00000005c9000000, 0x0000000670b00000, 0x0000000718580000)
  object space 2747392K, 46% used [0x00000005c9000000,0x000000061778dd38,0x0000000670b00000)
 Metaspace       used 27434K, capacity 28486K, committed 28720K, reserved 1075200K
  class space    used 3098K, capacity 3512K, committed 3632K, reserved 1048576K
}
Event: 134.551 GC heap before
{Heap before GC invocations=33 (full 1):
 PSYoungGen      total 1642496K, used 1403930K [0x0000000718580000, 0x000000078f800000, 0x00000007c0000000)
  eden space 1332736K, 100% used [0x0000000718580000,0x0000000769b00000,0x0000000769b00000)
  from space 309760K, 22% used [0x0000000769b00000,0x000000076e086a48,0x000000077c980000)
  to   space 270848K, 0% used [0x000000077ef80000,0x000000077ef80000,0x000000078f800000)
 ParOldGen       total 2747392K, used 1285687K [0x00000005c9000000, 0x0000000670b00000, 0x0000000718580000)
  object space 2747392K, 46% used [0x00000005c9000000,0x000000061778dd38,0x0000000670b00000)
 Metaspace       used 27464K, capacity 28486K, committed 28720K, reserved 1075200K
  class space    used 3098K, capacity 3512K, committed 3632K, reserved 1048576K
Event: 134.804 GC heap after
Heap after GC invocations=33 (full 1):
 PSYoungGen      total 1603584K, used 267810K [0x0000000718580000, 0x000000078f800000, 0x00000007c0000000)
  eden space 1332736K, 0% used [0x0000000718580000,0x0000000718580000,0x0000000769b00000)
  from space 270848K, 98% used [0x000000077ef80000,0x000000078f508b68,0x000000078f800000)
  to   space 309760K, 0% used [0x0000000769b00000,0x0000000769b00000,0x000000077c980000)
 ParOldGen       total 2747392K, used 1356630K [0x00000005c9000000, 0x0000000670b00000, 0x0000000718580000)
  object space 2747392K, 49% used [0x00000005c9000000,0x000000061bcd5b98,0x0000000670b00000)
 Metaspace       used 27464K, capacity 28486K, committed 28720K, reserved 1075200K
  class space    used 3098K, capacity 3512K, committed 3632K, reserved 1048576K
}
Event: 138.681 GC heap before
{Heap before GC invocations=34 (full 1):
 PSYoungGen      total 1603584K, used 1600546K [0x0000000718580000, 0x000000078f800000, 0x00000007c0000000)
  eden space 1332736K, 100% used [0x0000000718580000,0x0000000769b00000,0x0000000769b00000)
  from space 270848K, 98% used [0x000000077ef80000,0x000000078f508b68,0x000000078f800000)
  to   space 309760K, 0% used [0x0000000769b00000,0x0000000769b00000,0x000000077c980000)
 ParOldGen       total 2747392K, used 1356630K [0x00000005c9000000, 0x0000000670b00000, 0x0000000718580000)
  object space 2747392K, 49% used [0x00000005c9000000,0x000000061bcd5b98,0x0000000670b00000)
 Metaspace       used 33066K, capacity 34242K, committed 34352K, reserved 1079296K
  class space    used 3631K, capacity 4068K, committed 4144K, reserved 1048576K
Event: 139.351 GC heap after
Heap after GC invocations=34 (full 1):
 PSYoungGen      total 1642496K, used 281859K [0x0000000718580000, 0x000000078f800000, 0x00000007c0000000)
  eden space 1332736K, 0% used [0x0000000718580000,0x0000000718580000,0x0000000769b00000)
  from space 309760K, 90% used [0x0000000769b00000,0x000000077ae40eb0,0x000000077c980000)
  to   space 270848K, 0% used [0x000000077ef80000,0x000000077ef80000,0x000000078f800000)
 ParOldGen       total 2747392K, used 1696715K [0x00000005c9000000, 0x0000000670b00000, 0x0000000718580000)
  object space 2747392K, 61% used [0x00000005c9000000,0x00000006308f2f18,0x0000000670b00000)
 Metaspace       used 33066K, capacity 34242K, committed 34352K, reserved 1079296K
  class space    used 3631K, capacity 4068K, committed 4144K, reserved 1048576K
}
Event: 145.139 GC heap before
{Heap before GC invocations=35 (full 1):
 PSYoungGen      total 1642496K, used 1560892K [0x0000000718580000, 0x000000078f800000, 0x00000007c0000000)
  eden space 1332736K, 95% used [0x0000000718580000,0x000000076668e398,0x0000000769b00000)
  from space 309760K, 90% used [0x0000000769b00000,0x000000077ae40eb0,0x000000077c980000)
  to   space 270848K, 0% used [0x000000077ef80000,0x000000077ef80000,0x000000078f800000)
 ParOldGen       total 2747392K, used 1696715K [0x00000005c9000000, 0x0000000670b00000, 0x0000000718580000)
  object space 2747392K, 61% used [0x00000005c9000000,0x00000006308f2f18,0x0000000670b00000)
 Metaspace       used 34060K, capacity 35426K, committed 35496K, reserved 1081344K
  class space    used 3725K, capacity 4204K, committed 4264K, reserved 1048576K
Event: 145.454 GC heap after
Heap after GC invocations=35 (full 1):
 PSYoungGen      total 1603584K, used 148808K [0x0000000718580000, 0x000000078f800000, 0x00000007c0000000)
  eden space 1332736K, 0% used [0x0000000718580000,0x0000000718580000,0x0000000769b00000)
  from space 270848K, 54% used [0x000000077ef80000,0x00000007880d2040,0x000000078f800000)
  to   space 309760K, 0% used [0x0000000769b00000,0x0000000769b00000,0x000000077c980000)
 ParOldGen       total 2747392K, used 1963481K [0x00000005c9000000, 0x0000000670b00000, 0x0000000718580000)
  object space 2747392K, 71% used [0x00000005c9000000,0x0000000640d76598,0x0000000670b00000)
 Metaspace       used 34060K, capacity 35426K, committed 35496K, reserved 1081344K
  class space    used 3725K, capacity 4204K, committed 4264K, reserved 1048576K
}
Event: 145.455 GC heap before
{Heap before GC invocations=36 (full 2):
 PSYoungGen      total 1603584K, used 148808K [0x0000000718580000, 0x000000078f800000, 0x00000007c0000000)
  eden space 1332736K, 0% used [0x0000000718580000,0x0000000718580000,0x0000000769b00000)
  from space 270848K, 54% used [0x000000077ef80000,0x00000007880d2040,0x000000078f800000)
  to   space 309760K, 0% used [0x0000000769b00000,0x0000000769b00000,0x000000077c980000)
 ParOldGen       total 2747392K, used 1963481K [0x00000005c9000000, 0x0000000670b00000, 0x0000000718580000)
  object space 2747392K, 71% used [0x00000005c9000000,0x0000000640d76598,0x0000000670b00000)
 Metaspace       used 34060K, capacity 35426K, committed 35496K, reserved 1081344K
  class space    used 3725K, capacity 4204K, committed 4264K, reserved 1048576K
Event: 148.854 GC heap after
Heap after GC invocations=36 (full 2):
 PSYoungGen      total 1603584K, used 0K [0x0000000718580000, 0x000000078f800000, 0x00000007c0000000)
  eden space 1332736K, 0% used [0x0000000718580000,0x0000000718580000,0x0000000769b00000)
  from space 270848K, 0% used [0x000000077ef80000,0x000000077ef80000,0x000000078f800000)
  to   space 309760K, 0% used [0x0000000769b00000,0x0000000769b00000,0x000000077c980000)
 ParOldGen       total 2747392K, used 1476642K [0x00000005c9000000, 0x0000000670b00000, 0x0000000718580000)
  object space 2747392K, 53% used [0x00000005c9000000,0x0000000623208b58,0x0000000670b00000)
 Metaspace       used 34031K, capacity 35386K, committed 35496K, reserved 1081344K
  class space    used 3723K, capacity 4196K, committed 4264K, reserved 1048576K
}

Deoptimization events (10 events):
Event: 149.030 Thread 0x00000000014a4000 Uncommon trap: reason=class_check action=maybe_recompile pc=0x0000000004e50320 method=com.google.javascript.jscomp.jarjar.com.google.common.collect.RegularImmutableMap.get(Ljava/lang/Object;[Lcom/google/javascript/jscomp/jarjar/com/google/common/collect/I
Event: 149.030 Thread 0x00000000014a4000 Uncommon trap: reason=class_check action=maybe_recompile pc=0x0000000004e50320 method=com.google.javascript.jscomp.jarjar.com.google.common.collect.RegularImmutableMap.get(Ljava/lang/Object;[Lcom/google/javascript/jscomp/jarjar/com/google/common/collect/I
Event: 149.030 Thread 0x00000000014a4000 Uncommon trap: reason=class_check action=maybe_recompile pc=0x0000000004e50320 method=com.google.javascript.jscomp.jarjar.com.google.common.collect.RegularImmutableMap.get(Ljava/lang/Object;[Lcom/google/javascript/jscomp/jarjar/com/google/common/collect/I
Event: 149.032 Thread 0x00000000014a4000 Uncommon trap: reason=unloaded action=reinterpret pc=0x00000000043069dc method=com.google.javascript.jscomp.MarkUntranspilableFeaturesAsRemoved.visit(Lcom/google/javascript/jscomp/NodeTraversal;Lcom/google/javascript/rhino/Node;Lcom/google/javascript/rhin
Event: 149.035 Thread 0x00000000014a4000 Uncommon trap: reason=class_check action=maybe_recompile pc=0x0000000004a32b98 method=com.google.javascript.jscomp.jarjar.com.google.common.collect.RegularImmutableMap.get(Ljava/lang/Object;[Lcom/google/javascript/jscomp/jarjar/com/google/common/collect/I
Event: 149.200 Thread 0x00000000014a4000 Uncommon trap: reason=unstable_if action=reinterpret pc=0x000000000373e8f0 method=com.google.javascript.jscomp.NodeTraversal.pushScope(Lcom/google/javascript/rhino/Node;)V @ 33
Event: 149.201 Thread 0x00000000014a4000 Uncommon trap: reason=class_check action=maybe_recompile pc=0x00000000042af5b8 method=com.google.javascript.jscomp.NodeTraversal.traverseBranch(Lcom/google/javascript/rhino/Node;Lcom/google/javascript/rhino/Node;)V @ 121
Event: 149.201 Thread 0x00000000014a4000 Uncommon trap: reason=class_check action=maybe_recompile pc=0x00000000042af5b8 method=com.google.javascript.jscomp.NodeTraversal.traverseBranch(Lcom/google/javascript/rhino/Node;Lcom/google/javascript/rhino/Node;)V @ 121
Event: 149.203 Thread 0x00000000014a4000 Uncommon trap: reason=unstable_if action=reinterpret pc=0x00000000040589b0 method=com.google.javascript.jscomp.jarjar.com.google.common.collect.RegularImmutableMap.get(Ljava/lang/Object;[Lcom/google/javascript/jscomp/jarjar/com/google/common/collect/Immut
Event: 149.204 Thread 0x00000000014a4000 Uncommon trap: reason=unstable_if action=reinterpret pc=0x0000000004d3e954 method=com.google.javascript.jscomp.jarjar.com.google.common.collect.RegularImmutableMap.get(Ljava/lang/Object;[Lcom/google/javascript/jscomp/jarjar/com/google/common/collect/Immut

Classes redefined (0 events):
No events

Internal exceptions (10 events):
Event: 136.220 Thread 0x00000000014a4000 Exception <a 'java/lang/ClassNotFoundException': com/sencha/command/BaseSenchaCommandCustomizer> (0x000000073671e418) thrown at [C:\cygwin64\tmp\openjdk-jdk8u-windows-x64-hotspot\workspace\build\src\hotspot\src\share\vm\classfile\systemDictionary.cpp, lin
Event: 136.221 Thread 0x00000000014a4000 Exception <a 'java/lang/ClassNotFoundException': com/sencha/command/compile/BaseCompileCommandCustomizer> (0x0000000736736e70) thrown at [C:\cygwin64\tmp\openjdk-jdk8u-windows-x64-hotspot\workspace\build\src\hotspot\src\share\vm\classfile\systemDictionary
Event: 136.222 Thread 0x00000000014a4000 Exception <a 'java/lang/ClassNotFoundException': com/sencha/command/compile/BaseOutputCommandCustomizer> (0x0000000736749bc8) thrown at [C:\cygwin64\tmp\openjdk-jdk8u-windows-x64-hotspot\workspace\build\src\hotspot\src\share\vm\classfile\systemDictionary.
Event: 136.224 Thread 0x00000000014a4000 Exception <a 'java/lang/ClassNotFoundException': com/sencha/command/compile/ConcatenateCommandCustomizer> (0x0000000736762b08) thrown at [C:\cygwin64\tmp\openjdk-jdk8u-windows-x64-hotspot\workspace\build\src\hotspot\src\share\vm\classfile\systemDictionary
Event: 138.177 Thread 0x00000000014a4000 Exception <a 'java/lang/NoSuchMethodError': java.lang.Object.lambda$comparingInt$7b0bb60$1(Ljava/util/function/ToIntFunction;Ljava/lang/Object;Ljava/lang/Object;)I> (0x00000007681b6a60) thrown at [C:\cygwin64\tmp\openjdk-jdk8u-windows-x64-hotspot\workspac
Event: 138.181 Thread 0x00000000014a4000 Exception <a 'java/lang/NoSuchMethodError': java.lang.Object.lambda$thenComparing$36697e65$1(Ljava/util/Comparator;Ljava/lang/Object;Ljava/lang/Object;)I> (0x00000007681c31e8) thrown at [C:\cygwin64\tmp\openjdk-jdk8u-windows-x64-hotspot\workspace\build\sr
Event: 138.273 Thread 0x00000000014a4000 Exception <a 'java/lang/NoSuchMethodError': java.lang.Object.lambda$identity$2(Ljava/lang/Object;)Ljava/lang/Object;> (0x00000007683b4dd0) thrown at [C:\cygwin64\tmp\openjdk-jdk8u-windows-x64-hotspot\workspace\build\src\hotspot\src\share\vm\interpreter\li
Event: 143.692 Thread 0x00000000014a4000 Implicit null exception at 0x00000000035af643 to 0x00000000035af805
Event: 149.203 Thread 0x00000000014a4000 Implicit null exception at 0x00000000040585bd to 0x0000000004058999
Event: 149.204 Thread 0x00000000014a4000 Implicit null exception at 0x0000000004d3e55a to 0x0000000004d3e941

Events (10 events):
Event: 149.203 Thread 0x00000000014a4000 DEOPT UNPACKING pc=0x000000000333557b sp=0x00000000032e87d8 mode 2
Event: 149.203 loading class com/google/javascript/jscomp/AbstractScope$ImplicitVar
Event: 149.204 loading class com/google/javascript/jscomp/AbstractScope$ImplicitVar done
Event: 149.204 Thread 0x00000000014a4000 Uncommon trap: trap_request=0xffffff65 fr.pc=0x0000000004d3e954
Event: 149.204 Thread 0x00000000014a4000 DEOPT PACKING pc=0x0000000004d3e954 sp=0x00000000032e87c0
Event: 149.204 Thread 0x00000000014a4000 DEOPT UNPACKING pc=0x000000000333557b sp=0x00000000032e8760 mode 2
Event: 149.204 loading class com/google/javascript/jscomp/ScopedName$Simple
Event: 149.204 loading class com/google/javascript/jscomp/ScopedName$Simple done
Event: 149.205 loading class com/google/javascript/jscomp/Var$1
Event: 149.205 loading class com/google/javascript/jscomp/Var$1 done


Dynamic libraries:
0x00007ff7c1570000 - 0x00007ff7c15e2000 	C:\Users\SoftClansTech\bin\Sencha\Cmd\7.6.0.87\sencha.exe
0x00007fff6aab0000 - 0x00007fff6acc4000 	C:\WINDOWS\SYSTEM32\ntdll.dll
0x00007fff69bd0000 - 0x00007fff69c94000 	C:\WINDOWS\System32\KERNEL32.DLL
0x00007fff682e0000 - 0x00007fff68684000 	C:\WINDOWS\System32\KERNELBASE.dll
0x00007fff68e90000 - 0x00007fff6903a000 	C:\WINDOWS\System32\USER32.dll
0x00007fff68190000 - 0x00007fff681b6000 	C:\WINDOWS\System32\win32u.dll
0x00007fff69230000 - 0x00007fff69259000 	C:\WINDOWS\System32\GDI32.dll
0x00007fff681c0000 - 0x00007fff682d9000 	C:\WINDOWS\System32\gdi32full.dll
0x00007fff680f0000 - 0x00007fff6818a000 	C:\WINDOWS\System32\msvcp_win.dll
0x00007fff68750000 - 0x00007fff68861000 	C:\WINDOWS\System32\ucrtbase.dll
0x00007fff69d20000 - 0x00007fff69dd0000 	C:\WINDOWS\System32\ADVAPI32.dll
0x00007fff6a510000 - 0x00007fff6a5b7000 	C:\WINDOWS\System32\msvcrt.dll
0x00007fff68c00000 - 0x00007fff68ca6000 	C:\WINDOWS\System32\sechost.dll
0x00007fff69110000 - 0x00007fff69227000 	C:\WINDOWS\System32\RPCRT4.dll
0x00007fff6a7d0000 - 0x00007fff6a96c000 	C:\WINDOWS\System32\ole32.dll
0x00007fff68870000 - 0x00007fff68bfa000 	C:\WINDOWS\System32\combase.dll
0x00007fff6a3c0000 - 0x00007fff6a3f1000 	C:\WINDOWS\System32\IMM32.DLL
0x00007fff50ab0000 - 0x00007fff50d3f000 	C:\WINDOWS\WinSxS\amd64_microsoft.windows.common-controls_6595b64144ccf1df_6.0.22621.2070_none_2713e6537381f706\comctl32.dll
0x000000006f040000 - 0x000000006f841000 	c:\users\softclanstech\bin\sencha\cmd\7.6.0.87\jre\bin\server\jvm.dll
0x00007fff69100000 - 0x00007fff69108000 	C:\WINDOWS\System32\PSAPI.DLL
0x00007fff5b940000 - 0x00007fff5b974000 	C:\WINDOWS\SYSTEM32\WINMM.dll
0x00007fff48890000 - 0x00007fff48899000 	C:\WINDOWS\SYSTEM32\WSOCK32.dll
0x00007fff561d0000 - 0x00007fff561da000 	C:\WINDOWS\SYSTEM32\VERSION.dll
0x00007fff69ca0000 - 0x00007fff69d11000 	C:\WINDOWS\System32\WS2_32.dll
0x00007fff253f0000 - 0x00007fff254df000 	C:\WINDOWS\SYSTEM32\MSVCR120.dll
0x00007fff4fca0000 - 0x00007fff4fcaf000 	c:\users\softclanstech\bin\sencha\cmd\7.6.0.87\jre\bin\verify.dll
0x00007fff2fd90000 - 0x00007fff2fdb8000 	c:\users\softclanstech\bin\sencha\cmd\7.6.0.87\jre\bin\java.dll
0x00007fff2fc70000 - 0x00007fff2fc86000 	c:\users\softclanstech\bin\sencha\cmd\7.6.0.87\jre\bin\zip.dll
0x00007fff692c0000 - 0x00007fff69ad6000 	C:\WINDOWS\System32\SHELL32.dll
0x00007fff65e60000 - 0x00007fff6674a000 	C:\WINDOWS\SYSTEM32\windows.storage.dll
0x00007fff65d20000 - 0x00007fff65e5e000 	C:\WINDOWS\SYSTEM32\wintypes.dll
0x00007fff6a2c0000 - 0x00007fff6a3b3000 	C:\WINDOWS\System32\SHCORE.dll
0x00007fff69260000 - 0x00007fff692be000 	C:\WINDOWS\System32\shlwapi.dll
0x00007fff67dc0000 - 0x00007fff67de6000 	C:\WINDOWS\SYSTEM32\profapi.dll
0x0000000180000000 - 0x0000000180032000 	C:\Users\SoftClansTech\bin\Sencha\Cmd\7.6.0.87\.install4j\i4jinst.dll
0x00007fff69af0000 - 0x00007fff69bc7000 	C:\WINDOWS\System32\OLEAUT32.dll
0x00007fff480e0000 - 0x00007fff480ed000 	C:\Users\SoftClansTech\bin\Sencha\Cmd\7.6.0.87\jre\bin\management.dll
0x00007fff41d30000 - 0x00007fff41d39000 	C:\Users\SoftClansTech\AppData\Local\Temp\jansi-64-1.9.dll
0x000000006ef90000 - 0x000000006f033000 	C:\WINDOWS\WinSxS\amd64_microsoft.vc90.crt_1fc8b3b9a1e18e3b_9.0.30729.9635_none_08e2c157a83ed5da\MSVCR90.dll
0x00007fff2fbb0000 - 0x00007fff2fbca000 	C:\Users\SoftClansTech\bin\Sencha\Cmd\7.6.0.87\jre\bin\net.dll
0x00007fff673c0000 - 0x00007fff67429000 	C:\WINDOWS\system32\mswsock.dll
0x00007fff2fb90000 - 0x00007fff2fba2000 	C:\Users\SoftClansTech\bin\Sencha\Cmd\7.6.0.87\jre\bin\nio.dll

VM Arguments:
jvm_args: -Dexe4j.semaphoreName=Local\c:_users_softclanstech_bin_sencha_cmd_7.6.0.87_sencha.exe0 -Dexe4j.isInstall4j=true -Dexe4j.moduleName=C:\Users\SoftClansTech\bin\Sencha\Cmd\7.6.0.87\sencha.exe -Dexe4j.tempDir= -Dexe4j.unextractedPosition=0 -Djava.library.path=c:\users\softclanstech\bin\sencha\cmd\7.6.0.87\jre\bin;C:\Program Files\Microsoft\jdk-11.0.16.101-hotspot\bin;C:\Windows\system32;C:\Windows;C:\Windows\System32\Wbem;C:\Windows\System32\WindowsPowerShell\v1.0\;C:\Windows\System32\OpenSSH\;C:\Program Files (x86)\AOMEI\AOMEI Backupper\6.9.2;C:\Program Files\Git\cmd;C:\ProgramData\ComposerSetup\bin;C:\Program Files\Microsoft SQL Server\150\Tools\Binn\;C:\Program Files\dotnet\;C:\Program Files\nodejs\;C:\ProgramData\Microsoft\Windows\Start Menu\Programs\Node.js;C:\WINDOWS\system32;C:\WINDOWS;C:\WINDOWS\System32\Wbem;C:\WINDOWS\System32\WindowsPowerShell\v1.0\;C:\WINDOWS\System32\OpenSSH\;C:\xampp3\php;C:\Program Files\TortoiseGit\bin;C:\Program Files\Microsoft SQL Server\Client SDK\ODBC\170\Tools\Binn\;C:\Users\SoftClansTech\bin\Sencha\Cmd;C:\Program Files\MySQL\MySQL Shell 8.0\bin\;C:\Users\SoftClansTech\AppData\Local\Microsoft\WindowsApps;C:\Users\SoftClansTech\AppData\Local\GitHubDesktop\bin;C:\Users\SoftClansTech\AppData\Roaming\Composer\vendor\bin;C:\ProgramData\ComposerSetup\bin;C:\Program Files\Sublime Text;C:\Users\SoftClansTech\.dotnet\tools;C:\Users\SoftClansTech\bin\Sencha\Cmd\6.6.0.13\legacy\3.1.1.274\templates\repo\{senchadir}\repo\remotes;C:\Users\SoftClansTech\bin\Sencha\Cmd\6.6.0.13;C:\Users\SoftClansTech\AppData\Roaming\npm;C:\ProgramData\Microsoft\Windows\Start Menu\Programs\Node.js; -Dexe4j.consoleCodepage=cp437 -Dapple.awt.UIElement=true -Dinstall4j.launcherId=159 -Dinstall4j.swt=false -Xms256m -Xmx2048m -Dapple.awt.UIElement=true -Xms4024m -Xmx8048m -Dawt.useSystemAAFontSettings=lcd 
java_command: C:\Users\SoftClansTech\bin\Sencha\Cmd\7.6.0.87\sencha.exe
java_class_path (initial): C:\Users\SoftClansTech\bin\Sencha\Cmd\7.6.0.87\.install4j\i4jruntime.jar;C:\Users\SoftClansTech\bin\Sencha\Cmd\7.6.0.87\.\sencha.jar
Launcher Type: generic

Environment Variables:
_JAVA_OPTIONS=-Xms4024m -Xmx8048m -Dawt.useSystemAAFontSettings=lcd
PATH=c:\users\softclanstech\bin\sencha\cmd\7.6.0.87\jre\bin;C:\Program Files\Microsoft\jdk-11.0.16.101-hotspot\bin;C:\Windows\system32;C:\Windows;C:\Windows\System32\Wbem;C:\Windows\System32\WindowsPowerShell\v1.0\;C:\Windows\System32\OpenSSH\;C:\Program Files (x86)\AOMEI\AOMEI Backupper\6.9.2;C:\Program Files\Git\cmd;C:\ProgramData\ComposerSetup\bin;C:\Program Files\Microsoft SQL Server\150\Tools\Binn\;C:\Program Files\dotnet\;C:\Program Files\nodejs\;C:\ProgramData\Microsoft\Windows\Start Menu\Programs\Node.js;C:\WINDOWS\system32;C:\WINDOWS;C:\WINDOWS\System32\Wbem;C:\WINDOWS\System32\WindowsPowerShell\v1.0\;C:\WINDOWS\System32\OpenSSH\;C:\xampp3\php;C:\Program Files\TortoiseGit\bin;C:\Program Files\Microsoft SQL Server\Client SDK\ODBC\170\Tools\Binn\;C:\Users\SoftClansTech\bin\Sencha\Cmd;C:\Program Files\MySQL\MySQL Shell 8.0\bin\;C:\Users\SoftClansTech\AppData\Local\Microsoft\WindowsApps;C:\Users\SoftClansTech\AppData\Local\GitHubDesktop\bin;C:\Users\SoftClansTech\AppData\Roaming\Composer\vendor\bin;C:\ProgramData\ComposerSetup\bin;C:\Program Files\Sublime Text;C:\Users\SoftClansTech\.dotnet\tools;C:\Users\SoftClansTech\bin\Sencha\Cmd\6.6.0.13\legacy\3.1.1.274\templates\repo\{senchadir}\repo\remotes;C:\Users\SoftClansTech\bin\Sencha\Cmd\6.6.0.13;C:\Users\SoftClansTech\AppData\Roaming\npm;C:\ProgramData\Microsoft\Windows\Start Menu\Programs\Node.js;
USERNAME=SoftClansTech
OS=Windows_NT
PROCESSOR_IDENTIFIER=Intel64 Family 6 Model 142 Stepping 12, GenuineIntel



---------------  S Y S T E M  ---------------

OS: Windows 10.0 , 64 bit Build 22621 (10.0.22621.2070)

CPU:total 8 (initial active 8) (4 cores per cpu, 2 threads per core) family 6 model 142 stepping 12, cmov, cx8, fxsr, mmx, sse, sse2, sse3, ssse3, sse4.1, sse4.2, popcnt, avx, avx2, aes, clmul, erms, 3dnowpref, lzcnt, ht, tsc, tscinvbit, bmi1, bmi2, adx

Memory: 4k page, physical 8133464k(556556k free), swap 17848072k(6836k free)

vm_info: OpenJDK 64-Bit Server VM (25.242-b08) for windows-amd64 JRE (1.8.0_242-b08), built on Jan 19 2020 14:45:52 by "jenkins" with MS VC++ 12.0 (VS2013)

time: Thu Sep 14 22:33:31 2023
timezone: E. Africa Standard Time
elapsed time: 149 seconds (0d 0h 2m 29s)

