#
# There is insufficient memory for the Java Runtime Environment to continue.
# Native memory allocation (malloc) failed to allocate 291536 bytes for Chunk::new
# Possible reasons:
#   The system is out of physical RAM or swap space
#   The process is running with CompressedOops enabled, and the Java Heap may be blocking the growth of the native heap
# Possible solutions:
#   Reduce memory load on the system
#   Increase physical memory or swap space
#   Check if swap backing store is full
#   Decrease Java heap size (-Xmx/-Xms)
#   Decrease number of Java threads
#   Decrease Java thread stack sizes (-Xss)
#   Set larger code cache with -XX:ReservedCodeCacheSize=
#   JVM is running with Zero Based Compressed Oops mode in which the Java heap is
#     placed in the first 32GB address space. The Java Heap base address is the
#     maximum limit for the native heap growth. Please use -XX:HeapBaseMinAddress
#     to set the Java Heap base and to place the Java Heap above 32GB virtual address.
# This output file may be truncated or incomplete.
#
#  Out of Memory Error (allocation.cpp:389), pid=744, tid=0x0000000000002c20
#
# JRE version: OpenJDK Runtime Environment (8.0_242-b08) (build 1.8.0_242-b08)
# Java VM: OpenJDK 64-Bit Server VM (25.242-b08 mixed mode windows-amd64 compressed oops)
# Failed to write core dump. Minidumps are not enabled by default on client versions of Windows
#

---------------  T H R E A D  ---------------

Current thread (0x000000001d807800):  JavaThread "C2 CompilerThread0" daemon [_thread_in_native, id=11296, stack(0x000000001f0d0000,0x000000001f1d0000)]

Stack: [0x000000001f0d0000,0x000000001f1d0000]
[error occurred during error reporting (printing stack bounds), id 0xc0000005]

Native frames: (J=compiled Java code, j=interpreted, Vv=VM code, C=native code)


Current CompileTask:
C2:   1929 2177   !   4       com.sun.org.apache.xerces.internal.impl.XMLDocumentFragmentScannerImpl$FragmentContentDriver::next (2346 bytes)


---------------  P R O C E S S  ---------------

Java Threads: ( => current thread )
  0x000000001ff63800 JavaThread "Thread-9" daemon [_thread_in_Java, id=16876, stack(0x0000000023250000,0x0000000023350000)]
  0x0000000021021000 JavaThread "Thread-8" daemon [_thread_blocked, id=18724, stack(0x0000000023150000,0x0000000023250000)]
  0x0000000020967800 JavaThread "Thread-7" daemon [_thread_blocked, id=18592, stack(0x0000000021f80000,0x0000000022080000)]
  0x00000000207ad000 JavaThread "Thread-6" daemon [_thread_blocked, id=18740, stack(0x0000000021e80000,0x0000000021f80000)]
  0x0000000020ab2800 JavaThread "Thread-5" daemon [_thread_blocked, id=12984, stack(0x0000000021d80000,0x0000000021e80000)]
  0x0000000020088000 JavaThread "Thread-4" daemon [_thread_blocked, id=17868, stack(0x0000000021c80000,0x0000000021d80000)]
  0x00000000206f1000 JavaThread "Thread-3" daemon [_thread_in_Java, id=1908, stack(0x0000000021b80000,0x0000000021c80000)]
  0x00000000203dd800 JavaThread "Thread-2" daemon [_thread_in_Java, id=16096, stack(0x0000000021480000,0x0000000021580000)]
  0x000000001ffa5800 JavaThread "Thread-1" [_thread_in_native, id=10508, stack(0x0000000021380000,0x0000000021480000)]
  0x000000001f4e8800 JavaThread "Service Thread" daemon [_thread_blocked, id=17240, stack(0x000000001f8d0000,0x000000001f9d0000)]
  0x000000001d814800 JavaThread "C1 CompilerThread3" daemon [_thread_blocked, id=4432, stack(0x000000001f3d0000,0x000000001f4d0000)]
  0x000000001d811800 JavaThread "C2 CompilerThread2" daemon [_thread_in_native, id=7740, stack(0x000000001f2d0000,0x000000001f3d0000)]
  0x000000001d809800 JavaThread "C2 CompilerThread1" daemon [_thread_in_native, id=12276, stack(0x000000001f1d0000,0x000000001f2d0000)]
=>0x000000001d807800 JavaThread "C2 CompilerThread0" daemon [_thread_in_native, id=11296, stack(0x000000001f0d0000,0x000000001f1d0000)]
  0x000000001d803000 JavaThread "Attach Listener" daemon [_thread_blocked, id=2188, stack(0x000000001efd0000,0x000000001f0d0000)]
  0x000000001d801800 JavaThread "Signal Dispatcher" daemon [_thread_blocked, id=15200, stack(0x000000001eed0000,0x000000001efd0000)]
  0x000000001cbee000 JavaThread "Finalizer" daemon [_thread_blocked, id=4832, stack(0x000000001ecd0000,0x000000001edd0000)]
  0x000000001cbe7000 JavaThread "Reference Handler" daemon [_thread_blocked, id=2440, stack(0x000000001ebd0000,0x000000001ecd0000)]
  0x0000000001513800 JavaThread "main" [_thread_in_native, id=6956, stack(0x0000000003230000,0x0000000003330000)]

Other Threads:
  0x000000001d7b2800 VMThread [stack: 0x000000001ead0000,0x000000001ebd0000] [id=15092]
  0x000000001f4f1000 WatcherThread [stack: 0x000000001f9d0000,0x000000001fad0000] [id=19428]

VM state:not at safepoint (normal execution)

VM Mutex/Monitor currently owned by a thread: None

heap address: 0x00000006c3000000, size: 4048 MB, Compressed Oops mode: Zero based, Oop shift amount: 3
Narrow klass base: 0x0000000000000000, Narrow klass shift: 3
Compressed class space size: 1073741824 Address: 0x00000007c0000000

Heap:
 PSYoungGen      total 136192K, used 57864K [0x000000076bb00000, 0x000000077c500000, 0x00000007c0000000)
  eden space 116736K, 37% used [0x000000076bb00000,0x000000076e59eb70,0x0000000772d00000)
  from space 19456K, 73% used [0x0000000772d00000,0x0000000773ae35e0,0x0000000774000000)
  to   space 19456K, 0% used [0x000000077b200000,0x000000077b200000,0x000000077c500000)
 ParOldGen       total 311296K, used 24K [0x00000006c3000000, 0x00000006d6000000, 0x000000076bb00000)
  object space 311296K, 0% used [0x00000006c3000000,0x00000006c3006000,0x00000006d6000000)
 Metaspace       used 15978K, capacity 16178K, committed 16512K, reserved 1064960K
  class space    used 1763K, capacity 1831K, committed 1920K, reserved 1048576K

Card table byte_map: [0x00000000126f0000,0x0000000012ee0000] byte_map_base: 0x000000000f0d8000

Marking Bits: (ParMarkBitMap*) 0x000000005efc8030
 Begin Bits: [0x0000000013c30000, 0x0000000017b70000)
 End Bits:   [0x0000000017b70000, 0x000000001bab0000)

Polling page: 0x0000000003090000

CodeCache: size=245760Kb used=8365Kb max_used=8376Kb free=237394Kb
 bounds [0x0000000003330000, 0x0000000003b70000, 0x0000000012330000]
 total_blobs=2703 nmethods=2299 adapters=317
 compilation: enabled

Compilation events (10 events):
Event: 1.879 Thread 0x000000001d814800 2248       3       sun.nio.ch.FileChannelImpl::open (15 bytes)
Event: 1.879 Thread 0x000000001d814800 nmethod 2248 0x0000000003b29dd0 code [0x0000000003b29f40, 0x0000000003b2a148]
Event: 1.880 Thread 0x000000001d814800 2251   !   3       com.sencha.util.converters.StringConverter::tryConvert (188 bytes)
Event: 1.882 Thread 0x000000001d814800 nmethod 2251 0x0000000003b2a210 code [0x0000000003b2a500, 0x0000000003b2c148]
Event: 1.882 Thread 0x000000001d814800 2252   !   3       sun.reflect.GeneratedConstructorAccessor12::newInstance (49 bytes)
Event: 1.882 Thread 0x000000001d814800 nmethod 2252 0x0000000003b2cdd0 code [0x0000000003b2cf80, 0x0000000003b2d488]
Event: 1.882 Thread 0x000000001d814800 2253   !   3       sun.reflect.GeneratedConstructorAccessor11::newInstance (49 bytes)
Event: 1.883 Thread 0x000000001d814800 nmethod 2253 0x0000000003b2d750 code [0x0000000003b2d900, 0x0000000003b2de08]
Event: 1.883 Thread 0x000000001d814800 2254       3       com.sencha.util.ObjectUtil::toString (30 bytes)
Event: 1.883 Thread 0x000000001d814800 nmethod 2254 0x0000000003b2e0d0 code [0x0000000003b2e260, 0x0000000003b2e6a8]

GC Heap History (2 events):
Event: 1.704 GC heap before
{Heap before GC invocations=1 (full 0):
 PSYoungGen      total 136192K, used 116736K [0x000000076bb00000, 0x0000000775300000, 0x00000007c0000000)
  eden space 116736K, 100% used [0x000000076bb00000,0x0000000772d00000,0x0000000772d00000)
  from space 19456K, 0% used [0x0000000774000000,0x0000000774000000,0x0000000775300000)
  to   space 19456K, 0% used [0x0000000772d00000,0x0000000772d00000,0x0000000774000000)
 ParOldGen       total 311296K, used 0K [0x00000006c3000000, 0x00000006d6000000, 0x000000076bb00000)
  object space 311296K, 0% used [0x00000006c3000000,0x00000006c3000000,0x00000006d6000000)
 Metaspace       used 15783K, capacity 16014K, committed 16256K, reserved 1062912K
  class space    used 1759K, capacity 1825K, committed 1920K, reserved 1048576K
Event: 1.729 GC heap after
Heap after GC invocations=1 (full 0):
 PSYoungGen      total 136192K, used 14221K [0x000000076bb00000, 0x000000077c500000, 0x00000007c0000000)
  eden space 116736K, 0% used [0x000000076bb00000,0x000000076bb00000,0x0000000772d00000)
  from space 19456K, 73% used [0x0000000772d00000,0x0000000773ae35e0,0x0000000774000000)
  to   space 19456K, 0% used [0x000000077b200000,0x000000077b200000,0x000000077c500000)
 ParOldGen       total 311296K, used 24K [0x00000006c3000000, 0x00000006d6000000, 0x000000076bb00000)
  object space 311296K, 0% used [0x00000006c3000000,0x00000006c3006000,0x00000006d6000000)
 Metaspace       used 15783K, capacity 16014K, committed 16256K, reserved 1062912K
  class space    used 1759K, capacity 1825K, committed 1920K, reserved 1048576K
}

Deoptimization events (10 events):
Event: 1.269 Thread 0x0000000001513800 Uncommon trap: reason=unstable_if action=reinterpret pc=0x00000000037af158 method=sun.util.calendar.ZoneInfo.getOffsets(J[II)I @ 4
Event: 1.295 Thread 0x0000000001513800 Uncommon trap: reason=unstable_if action=reinterpret pc=0x00000000035e60e4 method=java.util.Properties.loadConvert([CII[C)Ljava/lang/String; @ 57
Event: 1.302 Thread 0x0000000001513800 Uncommon trap: reason=unstable_if action=reinterpret pc=0x00000000036918d0 method=java.util.Locale.hashCode()I @ 6
Event: 1.316 Thread 0x0000000001513800 Uncommon trap: reason=unstable_if action=reinterpret pc=0x00000000037b9dd4 method=sun.util.calendar.BaseCalendar.getFixedDate(IIILsun/util/calendar/BaseCalendar$Date;)J @ 33
Event: 1.316 Thread 0x0000000001513800 Uncommon trap: reason=unstable_if action=reinterpret pc=0x00000000037d3c94 method=sun.util.calendar.CalendarDate.setYear(I)Lsun/util/calendar/CalendarDate; @ 5
Event: 1.317 Thread 0x0000000001513800 Uncommon trap: reason=unstable_if action=reinterpret pc=0x00000000037ae9a0 method=sun.util.calendar.CalendarDate.setYear(I)Lsun/util/calendar/CalendarDate; @ 5
Event: 1.730 Thread 0x0000000020967800 Uncommon trap: reason=unstable_if action=reinterpret pc=0x00000000037a9c84 method=java.lang.ref.SoftReference.get()Ljava/lang/Object; @ 17
Event: 1.733 Thread 0x000000001ff63800 Uncommon trap: reason=null_check action=make_not_entrant pc=0x00000000036a70b0 method=java.lang.StringCoding.deref(Ljava/lang/ThreadLocal;)Ljava/lang/Object; @ 4
Event: 1.734 Thread 0x0000000021021000 Uncommon trap: reason=unstable_if action=reinterpret pc=0x00000000037a9c84 method=java.lang.ref.SoftReference.get()Ljava/lang/Object; @ 17
Event: 1.743 Thread 0x00000000207ad000 Uncommon trap: reason=unstable_if action=reinterpret pc=0x00000000036a5400 method=java.lang.ref.SoftReference.get()Ljava/lang/Object; @ 17

Classes redefined (0 events):
No events

Internal exceptions (10 events):
Event: 1.509 Thread 0x00000000207ad000 Exception <a 'java/security/PrivilegedActionException'> (0x0000000770d0cd30) thrown at [C:\cygwin64\tmp\openjdk-jdk8u-windows-x64-hotspot\workspace\build\src\hotspot\src\share\vm\prims\jvm.cpp, line 1502]
Event: 1.580 Thread 0x0000000020967800 Exception <a 'java/security/PrivilegedActionException'> (0x00000007718762d0) thrown at [C:\cygwin64\tmp\openjdk-jdk8u-windows-x64-hotspot\workspace\build\src\hotspot\src\share\vm\prims\jvm.cpp, line 1502]
Event: 1.580 Thread 0x0000000020967800 Exception <a 'java/security/PrivilegedActionException'> (0x00000007718766c8) thrown at [C:\cygwin64\tmp\openjdk-jdk8u-windows-x64-hotspot\workspace\build\src\hotspot\src\share\vm\prims\jvm.cpp, line 1502]
Event: 1.671 Thread 0x0000000021021000 Exception <a 'java/security/PrivilegedActionException'> (0x00000007723c6188) thrown at [C:\cygwin64\tmp\openjdk-jdk8u-windows-x64-hotspot\workspace\build\src\hotspot\src\share\vm\prims\jvm.cpp, line 1502]
Event: 1.671 Thread 0x0000000021021000 Exception <a 'java/security/PrivilegedActionException'> (0x00000007723c6580) thrown at [C:\cygwin64\tmp\openjdk-jdk8u-windows-x64-hotspot\workspace\build\src\hotspot\src\share\vm\prims\jvm.cpp, line 1502]
Event: 1.733 Thread 0x000000001ff63800 Implicit null exception at 0x00000000036a6c08 to 0x00000000036a70a1
Event: 1.814 Thread 0x00000000203dd800 Exception <a 'java/security/PrivilegedActionException'> (0x000000076ce45b48) thrown at [C:\cygwin64\tmp\openjdk-jdk8u-windows-x64-hotspot\workspace\build\src\hotspot\src\share\vm\prims\jvm.cpp, line 1502]
Event: 1.814 Thread 0x00000000203dd800 Exception <a 'java/security/PrivilegedActionException'> (0x000000076ce45f40) thrown at [C:\cygwin64\tmp\openjdk-jdk8u-windows-x64-hotspot\workspace\build\src\hotspot\src\share\vm\prims\jvm.cpp, line 1502]
Event: 1.831 Thread 0x000000001ff63800 Exception <a 'java/security/PrivilegedActionException'> (0x000000076bd26818) thrown at [C:\cygwin64\tmp\openjdk-jdk8u-windows-x64-hotspot\workspace\build\src\hotspot\src\share\vm\prims\jvm.cpp, line 1502]
Event: 1.831 Thread 0x000000001ff63800 Exception <a 'java/security/PrivilegedActionException'> (0x000000076bd26c10) thrown at [C:\cygwin64\tmp\openjdk-jdk8u-windows-x64-hotspot\workspace\build\src\hotspot\src\share\vm\prims\jvm.cpp, line 1502]

Events (10 events):
Event: 1.852 loading class com
Event: 1.852 loading class com done
Event: 1.852 loading class edu
Event: 1.852 loading class edu done
Event: 1.853 loading class net
Event: 1.853 loading class net done
Event: 1.853 loading class java/lang/console
Event: 1.853 loading class java/lang/console done
Event: 1.853 loading class java/lang/window
Event: 1.853 loading class java/lang/window done


Dynamic libraries:
0x00007ff767330000 - 0x00007ff7673a2000 	C:\Users\SoftClansTech\bin\Sencha\Cmd\7.6.0.87\sencha.exe
0x00007ff9bbd10000 - 0x00007ff9bbf27000 	C:\WINDOWS\SYSTEM32\ntdll.dll
0x00007ff9ba360000 - 0x00007ff9ba424000 	C:\WINDOWS\System32\KERNEL32.DLL
0x00007ff9b9580000 - 0x00007ff9b9926000 	C:\WINDOWS\System32\KERNELBASE.dll
0x00007ff9b9e50000 - 0x00007ff9b9ffe000 	C:\WINDOWS\System32\USER32.dll
0x00007ff9b9550000 - 0x00007ff9b9576000 	C:\WINDOWS\System32\win32u.dll
0x00007ff9baac0000 - 0x00007ff9baae9000 	C:\WINDOWS\System32\GDI32.dll
0x00007ff9b9380000 - 0x00007ff9b9498000 	C:\WINDOWS\System32\gdi32full.dll
0x00007ff9b91c0000 - 0x00007ff9b925a000 	C:\WINDOWS\System32\msvcp_win.dll
0x00007ff9b9260000 - 0x00007ff9b9371000 	C:\WINDOWS\System32\ucrtbase.dll
0x00007ff9ba0b0000 - 0x00007ff9ba163000 	C:\WINDOWS\System32\ADVAPI32.dll
0x00007ff9ba000000 - 0x00007ff9ba0a7000 	C:\WINDOWS\System32\msvcrt.dll
0x00007ff9ba270000 - 0x00007ff9ba318000 	C:\WINDOWS\System32\sechost.dll
0x00007ff9b9520000 - 0x00007ff9b9548000 	C:\WINDOWS\System32\bcrypt.dll
0x00007ff9ba4b0000 - 0x00007ff9ba5c7000 	C:\WINDOWS\System32\RPCRT4.dll
0x00007ff9ba5d0000 - 0x00007ff9ba770000 	C:\WINDOWS\System32\ole32.dll
0x00007ff9b9a60000 - 0x00007ff9b9de9000 	C:\WINDOWS\System32\combase.dll
0x00007ff9b9e10000 - 0x00007ff9b9e41000 	C:\WINDOWS\System32\IMM32.DLL
0x00007ff9a50c0000 - 0x00007ff9a5353000 	C:\WINDOWS\WinSxS\amd64_microsoft.windows.common-controls_6595b64144ccf1df_6.0.22621.2506_none_270c5ae97388e100\comctl32.dll
0x000000005e840000 - 0x000000005f041000 	c:\users\softclanstech\bin\sencha\cmd\7.6.0.87\jre\bin\server\jvm.dll
0x00007ff9ba350000 - 0x00007ff9ba358000 	C:\WINDOWS\System32\PSAPI.DLL
0x00007ff994410000 - 0x00007ff994419000 	C:\WINDOWS\SYSTEM32\WSOCK32.dll
0x00007ff9ad8d0000 - 0x00007ff9ad904000 	C:\WINDOWS\SYSTEM32\WINMM.dll
0x00007ff9a72c0000 - 0x00007ff9a72ca000 	C:\WINDOWS\SYSTEM32\VERSION.dll
0x00007ff9ba770000 - 0x00007ff9ba7e1000 	C:\WINDOWS\System32\WS2_32.dll
0x00007ff974a40000 - 0x00007ff974b2f000 	C:\WINDOWS\SYSTEM32\MSVCR120.dll
0x00007ff9a15f0000 - 0x00007ff9a15ff000 	c:\users\softclanstech\bin\sencha\cmd\7.6.0.87\jre\bin\verify.dll
0x00007ff99d980000 - 0x00007ff99d9a8000 	c:\users\softclanstech\bin\sencha\cmd\7.6.0.87\jre\bin\java.dll
0x00007ff99d960000 - 0x00007ff99d976000 	c:\users\softclanstech\bin\sencha\cmd\7.6.0.87\jre\bin\zip.dll
0x00007ff9bad60000 - 0x00007ff9bb5bb000 	C:\WINDOWS\System32\SHELL32.dll
0x00007ff9b6fb0000 - 0x00007ff9b78a6000 	C:\WINDOWS\SYSTEM32\windows.storage.dll
0x00007ff9b6e70000 - 0x00007ff9b6fae000 	C:\WINDOWS\SYSTEM32\wintypes.dll
0x00007ff9ba170000 - 0x00007ff9ba263000 	C:\WINDOWS\System32\SHCORE.dll
0x00007ff9bb7f0000 - 0x00007ff9bb84e000 	C:\WINDOWS\System32\shlwapi.dll
0x00007ff9b8f80000 - 0x00007ff9b8fa6000 	C:\WINDOWS\SYSTEM32\profapi.dll
0x0000000180000000 - 0x0000000180032000 	C:\Users\SoftClansTech\bin\Sencha\Cmd\7.6.0.87\.install4j\i4jinst.dll
0x00007ff9ba9e0000 - 0x00007ff9baab7000 	C:\WINDOWS\System32\OLEAUT32.dll
0x00007ff99d950000 - 0x00007ff99d95d000 	C:\Users\SoftClansTech\bin\Sencha\Cmd\7.6.0.87\jre\bin\management.dll
0x00007ff99d940000 - 0x00007ff99d949000 	C:\Users\SoftClansTech\AppData\Local\Temp\jansi-64-1.9.dll
0x000000005e790000 - 0x000000005e833000 	C:\WINDOWS\WinSxS\amd64_microsoft.vc90.crt_1fc8b3b9a1e18e3b_9.0.30729.9635_none_08e2c157a83ed5da\MSVCR90.dll
0x00007ff99d560000 - 0x00007ff99d57a000 	C:\Users\SoftClansTech\bin\Sencha\Cmd\7.6.0.87\jre\bin\net.dll
0x00007ff9b8580000 - 0x00007ff9b85e9000 	C:\WINDOWS\system32\mswsock.dll
0x00007ff99c7b0000 - 0x00007ff99c7c2000 	C:\Users\SoftClansTech\bin\Sencha\Cmd\7.6.0.87\jre\bin\nio.dll

VM Arguments:
jvm_args: -Dexe4j.semaphoreName=Local\c:_users_softclanstech_bin_sencha_cmd_7.6.0.87_sencha.exe0 -Dexe4j.isInstall4j=true -Dexe4j.moduleName=C:\Users\SoftClansTech\bin\Sencha\Cmd\7.6.0.87\sencha.exe -Dexe4j.tempDir= -Dexe4j.unextractedPosition=0 -Djava.library.path=c:\users\softclanstech\bin\sencha\cmd\7.6.0.87\jre\bin;C:\Program Files\Microsoft\jdk-11.0.16.101-hotspot\bin;C:\Windows\system32;C:\Windows;C:\Windows\System32\Wbem;C:\Windows\System32\WindowsPowerShell\v1.0\;C:\Windows\System32\OpenSSH\;C:\Program Files (x86)\AOMEI\AOMEI Backupper\6.9.2;C:\Program Files\Git\cmd;C:\ProgramData\ComposerSetup\bin;C:\Program Files\Microsoft SQL Server\150\Tools\Binn\;C:\Program Files\dotnet\;C:\Program Files\nodejs\;C:\ProgramData\Microsoft\Windows\Start Menu\Programs\Node.js;C:\WINDOWS\system32;C:\WINDOWS;C:\WINDOWS\System32\Wbem;C:\WINDOWS\System32\WindowsPowerShell\v1.0\;C:\WINDOWS\System32\OpenSSH\;C:\xampp3\php;C:\Program Files\TortoiseGit\bin;C:\Program Files (x86)\Sublime Text 3;C:\Program Files\OpenSSL-Win64\bin;C:\Users\SoftClansTech\AppData\Local\Programs\Python\Python312;C:\Users\SoftClansTech\AppData\Local\Programs\Python\Launcher\;C:\Users\SoftClansTech\bin\Sencha\Cmd;C:\Program Files\MySQL\MySQL Shell 8.0\bin\;C:\Users\SoftClansTech\AppData\Local\Microsoft\WindowsApps;C:\Users\SoftClansTech\AppData\Local\GitHubDesktop\bin;C:\Users\SoftClansTech\AppData\Roaming\Composer\vendor\bin;C:\ProgramData\ComposerSetup\bin;C:\Program Files\Sublime Text;C:\Users\SoftClansTech\bin\Sencha\Cmd\6.6.0.13\legacy\3.1.1.274\templates\repo\{senchadir}\repo\remotes;C:\Users\SoftClansTech\bin\Sencha\Cmd\6.6.0.13;C:\Users\SoftClansTech\AppData\Roaming\npm;C:\ProgramData\Microsoft\Windows\Start Menu\Programs\Node.js;C:\Program Files (x86)\Sublime Text 3;C:\Program Files\OpenSSL-Win64\bin;C:\Users\SoftClansTech\AppData\Local\Programs\Python\Python312; -Dexe4j.consoleCodepage=cp437 -Dapple.awt.UIElement=true -Dinstall4j.launcherId=159 -Dinstall4j.swt=false -Xms256m -Xmx2048m -Dapple.awt.UIElement=true -Xms456m -Xmx4048m -Dawt.useSystemAAFontSettings=lcd 
java_command: C:\Users\SoftClansTech\bin\Sencha\Cmd\7.6.0.87\sencha.exe
java_class_path (initial): C:\Users\SoftClansTech\bin\Sencha\Cmd\7.6.0.87\.install4j\i4jruntime.jar;C:\Users\SoftClansTech\bin\Sencha\Cmd\7.6.0.87\.\sencha.jar
Launcher Type: generic

Environment Variables:
_JAVA_OPTIONS=-Xms456m -Xmx4048m -Dawt.useSystemAAFontSettings=lcd
PATH=c:\users\softclanstech\bin\sencha\cmd\7.6.0.87\jre\bin;C:\Program Files\Microsoft\jdk-11.0.16.101-hotspot\bin;C:\Windows\system32;C:\Windows;C:\Windows\System32\Wbem;C:\Windows\System32\WindowsPowerShell\v1.0\;C:\Windows\System32\OpenSSH\;C:\Program Files (x86)\AOMEI\AOMEI Backupper\6.9.2;C:\Program Files\Git\cmd;C:\ProgramData\ComposerSetup\bin;C:\Program Files\Microsoft SQL Server\150\Tools\Binn\;C:\Program Files\dotnet\;C:\Program Files\nodejs\;C:\ProgramData\Microsoft\Windows\Start Menu\Programs\Node.js;C:\WINDOWS\system32;C:\WINDOWS;C:\WINDOWS\System32\Wbem;C:\WINDOWS\System32\WindowsPowerShell\v1.0\;C:\WINDOWS\System32\OpenSSH\;C:\xampp3\php;C:\Program Files\TortoiseGit\bin;C:\Program Files (x86)\Sublime Text 3;C:\Program Files\OpenSSL-Win64\bin;C:\Users\SoftClansTech\AppData\Local\Programs\Python\Python312;C:\Users\SoftClansTech\AppData\Local\Programs\Python\Launcher\;C:\Users\SoftClansTech\bin\Sencha\Cmd;C:\Program Files\MySQL\MySQL Shell 8.0\bin\;C:\Users\SoftClansTech\AppData\Local\Microsoft\WindowsApps;C:\Users\SoftClansTech\AppData\Local\GitHubDesktop\bin;C:\Users\SoftClansTech\AppData\Roaming\Composer\vendor\bin;C:\ProgramData\ComposerSetup\bin;C:\Program Files\Sublime Text;C:\Users\SoftClansTech\bin\Sencha\Cmd\6.6.0.13\legacy\3.1.1.274\templates\repo\{senchadir}\repo\remotes;C:\Users\SoftClansTech\bin\Sencha\Cmd\6.6.0.13;C:\Users\SoftClansTech\AppData\Roaming\npm;C:\ProgramData\Microsoft\Windows\Start Menu\Programs\Node.js;C:\Program Files (x86)\Sublime Text 3;C:\Program Files\OpenSSL-Win64\bin;C:\Users\SoftClansTech\AppData\Local\Programs\Python\Python312;
USERNAME=SoftClansTech
OS=Windows_NT
PROCESSOR_IDENTIFIER=Intel64 Family 6 Model 142 Stepping 12, GenuineIntel



---------------  S Y S T E M  ---------------

OS: Windows 10.0 , 64 bit Build 22621 (10.0.22621.3085)

CPU:total 8 (initial active 8) (4 cores per cpu, 2 threads per core) family 6 model 142 stepping 12, cmov, cx8, fxsr, mmx, sse, sse2, sse3, ssse3, sse4.1, sse4.2, popcnt, avx, avx2, aes, clmul, erms, 3dnowpref, lzcnt, ht, tsc, tscinvbit, bmi1, bmi2, adx

Memory: 4k page, physical 8137272k(1545944k free), swap 11025600k(5164k free)

vm_info: OpenJDK 64-Bit Server VM (25.242-b08) for windows-amd64 JRE (1.8.0_242-b08), built on Jan 19 2020 14:45:52 by "jenkins" with MS VC++ 12.0 (VS2013)

time: Sun Feb 25 22:59:20 2024
timezone: E. Africa Standard Time
elapsed time: 1 seconds (0d 0h 0m 1s)

